Using pre-set license
Built from '2022.3/staging' branch; Version is '2022.3.33f1 (b2c853adf198) revision 11716691'; Using compiler version '192829333'; Build Type 'Release'
OS: 'Windows 11  (10.0.26100) 64bit CoreCountrySpecific' Language: 'zh' Physical Memory: 32461 MB
BatchMode: 1, IsHumanControllingUs: 0, StartBugReporterOnCrash: 0, Is64bit: 1, IsPro: 1

COMMAND LINE ARGUMENTS:
C:\Program Files\Unity\Hub\Editor\2022.3.33f1\Editor\Unity.exe
-adb2
-batchMode
-noUpm
-name
AssetImportWorker10
-projectPath
C:/Users/cheng/HandTracking
-logFile
Logs/AssetImportWorker10.log
-srvPort
64373
Successfully changed project path to: C:/Users/cheng/HandTracking
C:/Users/cheng/HandTracking
[UnityMemory] Configuration Parameters - Can be set up in boot.config
    "memorysetup-bucket-allocator-granularity=16"
    "memorysetup-bucket-allocator-bucket-count=8"
    "memorysetup-bucket-allocator-block-size=33554432"
    "memorysetup-bucket-allocator-block-count=8"
    "memorysetup-main-allocator-block-size=16777216"
    "memorysetup-thread-allocator-block-size=16777216"
    "memorysetup-gfx-main-allocator-block-size=16777216"
    "memorysetup-gfx-thread-allocator-block-size=16777216"
    "memorysetup-cache-allocator-block-size=4194304"
    "memorysetup-typetree-allocator-block-size=2097152"
    "memorysetup-profiler-bucket-allocator-granularity=16"
    "memorysetup-profiler-bucket-allocator-bucket-count=8"
    "memorysetup-profiler-bucket-allocator-block-size=33554432"
    "memorysetup-profiler-bucket-allocator-block-count=8"
    "memorysetup-profiler-allocator-block-size=16777216"
    "memorysetup-profiler-editor-allocator-block-size=1048576"
    "memorysetup-temp-allocator-size-main=16777216"
    "memorysetup-job-temp-allocator-block-size=2097152"
    "memorysetup-job-temp-allocator-block-size-background=1048576"
    "memorysetup-job-temp-allocator-reduction-small-platforms=262144"
    "memorysetup-allocator-temp-initial-block-size-main=262144"
    "memorysetup-allocator-temp-initial-block-size-worker=262144"
    "memorysetup-temp-allocator-size-background-worker=32768"
    "memorysetup-temp-allocator-size-job-worker=262144"
    "memorysetup-temp-allocator-size-preload-manager=33554432"
    "memorysetup-temp-allocator-size-nav-mesh-worker=65536"
    "memorysetup-temp-allocator-size-audio-worker=65536"
    "memorysetup-temp-allocator-size-cloud-worker=32768"
    "memorysetup-temp-allocator-size-gi-baking-worker=262144"
    "memorysetup-temp-allocator-size-gfx=262144"
Player connection [29460] Host "[IP] 26.26.26.1 [Port] 0 [Flags] 2 [Guid] 3769007893 [EditorId] 3769007893 [Version] 1048832 [Id] WindowsEditor(7,比克大魔王) [Debug] 1 [PackageName] WindowsEditor [ProjectName] Editor" joined multi-casting on [225.0.0.222:54997]...

Player connection [29460] Host "[IP] 26.26.26.1 [Port] 0 [Flags] 2 [Guid] 3769007893 [EditorId] 3769007893 [Version] 1048832 [Id] WindowsEditor(7,比克大魔王) [Debug] 1 [PackageName] WindowsEditor [ProjectName] Editor" joined alternative multi-casting on [225.0.0.222:34997]...

[PhysX] Initialized MultithreadedTaskDispatcher with 32 workers.
Refreshing native plugins compatible for Editor in 8.81 ms, found 3 plugins.
Preloading 0 native plugins for Editor in 0.00 ms.
Initialize engine version: 2022.3.33f1 (b2c853adf198)
[Subsystems] Discovering subsystems at path C:/Program Files/Unity/Hub/Editor/2022.3.33f1/Editor/Data/Resources/UnitySubsystems
[Subsystems] Discovering subsystems at path C:/Users/cheng/HandTracking/Assets
GfxDevice: creating device client; threaded=0; jobified=0
Direct3D:
    Version:  Direct3D 11.0 [level 11.1]
    Renderer: NVIDIA GeForce RTX 4060 Laptop GPU (ID=0x28e0)
    Vendor:   NVIDIA
    VRAM:     7957 MB
    Driver:   32.0.15.7649
Initialize mono
Mono path[0] = 'C:/Program Files/Unity/Hub/Editor/2022.3.33f1/Editor/Data/Managed'
Mono path[1] = 'C:/Program Files/Unity/Hub/Editor/2022.3.33f1/Editor/Data/MonoBleedingEdge/lib/mono/unityjit-win32'
Mono config path = 'C:/Program Files/Unity/Hub/Editor/2022.3.33f1/Editor/Data/MonoBleedingEdge/etc'
Using monoOptions --debugger-agent=transport=dt_socket,embedding=1,server=y,suspend=n,address=127.0.0.1:56960
Begin MonoManager ReloadAssembly
Registering precompiled unity dll's ...
Register platform support module: C:/Program Files/Unity/Hub/Editor/2022.3.33f1/Editor/Data/PlaybackEngines/WebGLSupport/UnityEditor.WebGL.Extensions.dll
Register platform support module: C:/Program Files/Unity/Hub/Editor/2022.3.33f1/Editor/Data/PlaybackEngines/AndroidPlayer/UnityEditor.Android.Extensions.dll
Register platform support module: C:/Program Files/Unity/Hub/Editor/2022.3.33f1/Editor/Data/PlaybackEngines/WindowsStandaloneSupport/UnityEditor.WindowsStandalone.Extensions.dll
Registered in 0.007773 seconds.
- Loaded All Assemblies, in  0.286 seconds
Native extension for WindowsStandalone target not found
Native extension for Android target not found
Android Extension - Scanning For ADB Devices 248 ms
Native extension for WebGL target not found
Mono: successfully reloaded assembly
- Finished resetting the current domain, in  0.554 seconds
Domain Reload Profiling: 839ms
	BeginReloadAssembly (82ms)
		ExecutionOrderSort (0ms)
		DisableScriptedObjects (0ms)
		BackupInstance (0ms)
		ReleaseScriptingObjects (0ms)
		CreateAndSetChildDomain (1ms)
	RebuildCommonClasses (25ms)
	RebuildNativeTypeToScriptingClass (8ms)
	initialDomainReloadingComplete (47ms)
	LoadAllAssembliesAndSetupDomain (123ms)
		LoadAssemblies (81ms)
		RebuildTransferFunctionScriptingTraits (0ms)
		AnalyzeDomain (121ms)
			TypeCache.Refresh (120ms)
				TypeCache.ScanAssembly (107ms)
			ScanForSourceGeneratedMonoScriptInfo (0ms)
			ResolveRequiredComponents (0ms)
	FinalizeReload (554ms)
		ReleaseScriptCaches (0ms)
		RebuildScriptCaches (0ms)
		SetupLoadedEditorAssemblies (494ms)
			LogAssemblyErrors (0ms)
			InitializePlatformSupportModulesInManaged (356ms)
			SetLoadedEditorAssemblies (3ms)
			RefreshPlugins (0ms)
			BeforeProcessingInitializeOnLoad (2ms)
			ProcessInitializeOnLoadAttributes (96ms)
			ProcessInitializeOnLoadMethodAttributes (37ms)
			AfterProcessingInitializeOnLoad (0ms)
			EditorAssembliesLoaded (0ms)
		ExecutionOrderSort2 (0ms)
		AwakeInstancesAfterBackupRestoration (0ms)
========================================================================
Worker process is ready to serve import requests
Begin MonoManager ReloadAssembly
- Loaded All Assemblies, in  0.472 seconds
Refreshing native plugins compatible for Editor in 2.96 ms, found 3 plugins.
Native extension for WindowsStandalone target not found
Native extension for Android target not found
Native extension for WebGL target not found
Mono: successfully reloaded assembly
- Finished resetting the current domain, in  0.406 seconds
Domain Reload Profiling: 876ms
	BeginReloadAssembly (109ms)
		ExecutionOrderSort (0ms)
		DisableScriptedObjects (4ms)
		BackupInstance (0ms)
		ReleaseScriptingObjects (0ms)
		CreateAndSetChildDomain (15ms)
	RebuildCommonClasses (25ms)
	RebuildNativeTypeToScriptingClass (7ms)
	initialDomainReloadingComplete (32ms)
	LoadAllAssembliesAndSetupDomain (297ms)
		LoadAssemblies (231ms)
		RebuildTransferFunctionScriptingTraits (0ms)
		AnalyzeDomain (132ms)
			TypeCache.Refresh (117ms)
				TypeCache.ScanAssembly (104ms)
			ScanForSourceGeneratedMonoScriptInfo (10ms)
			ResolveRequiredComponents (3ms)
	FinalizeReload (406ms)
		ReleaseScriptCaches (0ms)
		RebuildScriptCaches (0ms)
		SetupLoadedEditorAssemblies (299ms)
			LogAssemblyErrors (0ms)
			InitializePlatformSupportModulesInManaged (20ms)
			SetLoadedEditorAssemblies (2ms)
			RefreshPlugins (0ms)
			BeforeProcessingInitializeOnLoad (44ms)
			ProcessInitializeOnLoadAttributes (212ms)
			ProcessInitializeOnLoadMethodAttributes (15ms)
			AfterProcessingInitializeOnLoad (5ms)
			EditorAssembliesLoaded (0ms)
		ExecutionOrderSort2 (0ms)
		AwakeInstancesAfterBackupRestoration (5ms)
Launched and connected shader compiler UnityShaderCompiler.exe after 0.03 seconds
Refreshing native plugins compatible for Editor in 5.96 ms, found 3 plugins.
Preloading 0 native plugins for Editor in 0.00 ms.
Unloading 3154 Unused Serialized files (Serialized files now loaded: 0)
Unloading 34 unused Assets / (58.2 KB). Loaded Objects now: 3621.
Memory consumption went from 206.7 MB to 206.7 MB.
Total: 3.266700 ms (FindLiveObjects: 0.202400 ms CreateObjectMapping: 0.061200 ms MarkObjects: 2.882400 ms  DeleteObjects: 0.119600 ms)

AssetImportParameters requested are different than current active one (requested -> active):
  custom:scripting/monoscript/fileName/ToggleLight.cs: 9e042735f9e5ac6703b236982b4c5f42 -> 
  custom:scripting/monoscript/fileName/VG_GraspEditor.cs: 1e18fc9b48656144758bd4817cbe067a -> 
  custom:container-demuxer-ogg: 62fdf1f143b41e24485cea50d1cbac27 -> 
  custom:scripting/monoscript/fileName/VG_EC_Leap.cs: 894da197a6b5d78872c91d5491367677 -> 
  custom:scripting/monoscript/fileName/VG_XRI_Entries.cs: 854d204cdfdf77c074f877c2b30478b0 -> 
  custom:scripting/monoscript/fileName/VG_EC_OVR.cs: 18f8bdec0324d78b69a69d5f34074178 -> 
  custom:video-codec-MediaFoundation-h265: 746d11721c4dcdbdad8f713fa42b33f4 -> 
  custom:scripting/monoscript/fileName/SimpleImpact.cs: 86fb711a3287211171ca3019744d5bf3 -> 
  custom:scripting/monoscript/fileName/VG_Recorder.cs: b3a04e14f2e53600c7c359c58e1efad0 -> 
  custom:scripting/monoscript/fileName/VG_Assemble.cs: 63a0cfc10b799e003d85c2f5de349c37 -> 
  custom:scripting/monoscript/fileName/VG_EC_Manus.cs: e22d72aba6fdd0dc30f64de9016deb79 -> 
  custom:video-decoder-ogg-theora: a1e56fd34408186e4bbccfd4996cb3dc -> 
  custom:scripting/monoscript/fileName/VG_Utility.cs: 7a65140fa5c069a5435ec871d1f7cff4 -> 
  custom:scripting/monoscript/fileName/VG_HandStatusDebugger.cs: 96d816212265c4ed786ffddcea8d6dee -> 
  custom:framework-win-MediaFoundation: 216162199b28c13a410421893ffa2e32 -> 
  custom:scripting/monoscript/fileName/VG_EC_Steam.cs: 5bac5c6e8014b2e81b6d5cabd713151b -> 
  custom:scripting/monoscript/fileName/VG_HintVisualizer.cs: 2ce86bb7e562736354e57e2c2d2e152f -> 
  custom:CustomObjectIndexerAttribute: 9a22284fe3817be447336de3de66b15e -> 
  custom:scripting/monoscript/fileName/ManageContainerObject.cs: 3474fe779362ef3c3751ac744d9a3709 -> 
  custom:container-demuxer-webm: 4f35f7cbe854078d1ac9338744f61a02 -> 
  custom:scripting/monoscript/fileName/VG_InteractionEngineTests.cs: ccbc2270df79caae56b25d2b01b1e56c -> 
  custom:scripting/monoscript/fileName/VG_RunTimeRegister.cs: e0cf28234555144eda222153207ee6b8 -> 
  custom:container-muxer-webm: aa71ff27fc2769a1b78a27578f13a17b -> 
  custom:scripting/monoscript/fileName/ChangeSelectionWeight.cs: ae9b03154775aa63df30aa941cc9a3c2 -> 
  custom:scripting/monoscript/fileName/VG_Highlighter.cs: 523fc587334d88232431f5124952dfab -> 
  custom:video-decoder-webm-vp8: 9c59270c3fd7afecdb556c50c9e8de78 -> 
  custom:scripting/monoscript/fileName/VG_ObjectAnimator.cs: 41fe22f153f80ae16e759133670734cf -> 
  custom:scripting/monoscript/fileName/VG_EC_Generic.cs: 62db95cf1751261d596fe4412d3f0cf8 -> 
  custom:SearchIndexIgnoredProperties: e643bd26f0fe6173181afceb89e7c659 -> 
  custom:AudioImporter_EditorPlatform: d09bf68614088b80899f8185d706f6e7 -> 
  custom:scripting/monoscript/fileName/SoundOnPushEvents.cs: 8f770092c0eb9f1044120154fc1eee16 -> 
  custom:scripting/monoscript/fileName/VG_Build.cs: 76852263859c12eae4580f9c71512b4d -> 
  custom:scripting/monoscript/fileName/AssembleArticulationBody.cs: 1b6899ae194e136926f25366772d690e -> 
  custom:scripting/monoscript/fileName/RuntimeInputTesting.cs: 7229228adf59dfeee67d67ccd6589d5b -> 
  custom:scripting/monoscript/fileName/VG_EC_Oculus.cs: 44e1d7d40b8958aa522fc0782a763416 -> 
  custom:scripting/monoscript/fileName/VG_EC_Script.cs: 4b36a900efa5caf21f6ae8e8ebf67568 -> 
  custom:video-encoder-webm-vp8: eb34c28f22e8b96e1ab97ce403110664 -> 
  custom:scripting/monoscript/fileName/FixParentOnObjectGrasped.cs: 0c9ddafabe6a48c2b126a07bb51ae89f -> 
  custom:scripting/monoscript/fileName/MyVirtualGrasp.cs: e5499c0904625f4d94e4c3d43e584882 -> 
  custom:audio-decoder-ogg-vorbis: bf7c407c2cedff20999df2af8eb42d56 -> 
  custom:scripting/monoscript/fileName/VG_BaseTests.cs: 5957927458aa32414bd2549d73cb54b3 -> 
  custom:scripting/monoscript/fileName/VG_EC_UnityXRInteraction.cs: a05647613d5277314afecd448677f18b -> 
  custom:scripting/monoscript/fileName/TestChangeObjectJointPlanar.cs: 9ce06e5ab9e772c77e4c3586f7c8f030 -> 
  custom:scripting/monoscript/fileName/SoundOnGraspEvents.cs: 271c20d2157293aa61846d660fae6a6c -> 
  custom:scripting/monoscript/fileName/VG_AnimationDriver.cs: a0abc1d21d4a6d94de42a08d2ab612b0 -> 
  custom:scripting/monoscript/fileName/VG_Locomotion.cs: 9ff3799e56c49f352732400659cca89f -> 
  custom:scripting/monoscript/fileName/VG_EC_UnityXR.cs: aa1ca8f58117589204852eb5f1d958e1 -> 
  custom:scripting/monoscript/fileName/VG_HandVisualizer.cs: f1312dca29b513306b9e7ef2b301d319 -> 
  custom:scripting/monoscript/fileName/VG_TestHelpers.cs: ad39f39a65b666246a4596b4070883a9 -> 
  custom:scripting/monoscript/fileName/VG_EC_Mouse.cs: 6fcba31255e6c2e01b4934e5af22f389 -> 
  custom:audio-encoder-webm-vorbis: bf7c407c2cedff20999df2af8eb42d56 -> 
  custom:scripting/monoscript/fileName/MetalImpact.cs: 9dbb071311a9f1fc0586ec2293701474 -> 
  custom:scripting/monoscript/fileName/VG_EC_UnityXRHands.cs: 4fb2ad031354bb47c2a34f754212333d -> 
========================================================================
Received Import Request.
  Time since last request: 13929.267633 seconds.
  path: Assets/com.gleechi.unity.virtualgrasp/Runtime/Resources/Prefabs/SeparateHandsSensorAvatar.prefab
  artifactKey: Guid(54ccd168a067e1f4ea3eab9bd6b8cdea) Importer(815301076,1909f56bfc062723c751e8b465ee728b)
Start importing Assets/com.gleechi.unity.virtualgrasp/Runtime/Resources/Prefabs/SeparateHandsSensorAvatar.prefab using Guid(54ccd168a067e1f4ea3eab9bd6b8cdea) Importer(815301076,1909f56bfc062723c751e8b465ee728b) [PhysX] Initialized MultithreadedTaskDispatcher with 32 workers.
[PhysX] Initialized MultithreadedTaskDispatcher with 32 workers.
 -> (artifact id: 'a0c0fea89ea39d3e9ae89d3628363425') in 0.095821 seconds
Number of updated asset objects reloaded before import = 5
Number of asset objects unloaded after import = 191
========================================================================
Received Prepare
Begin MonoManager ReloadAssembly
- Loaded All Assemblies, in  0.334 seconds
Refreshing native plugins compatible for Editor in 2.22 ms, found 3 plugins.
Native extension for WindowsStandalone target not found
Native extension for Android target not found
Native extension for WebGL target not found
Mono: successfully reloaded assembly
- Finished resetting the current domain, in  0.697 seconds
Domain Reload Profiling: 1028ms
	BeginReloadAssembly (122ms)
		ExecutionOrderSort (0ms)
		DisableScriptedObjects (3ms)
		BackupInstance (0ms)
		ReleaseScriptingObjects (0ms)
		CreateAndSetChildDomain (28ms)
	RebuildCommonClasses (24ms)
	RebuildNativeTypeToScriptingClass (8ms)
	initialDomainReloadingComplete (22ms)
	LoadAllAssembliesAndSetupDomain (155ms)
		LoadAssemblies (202ms)
		RebuildTransferFunctionScriptingTraits (0ms)
		AnalyzeDomain (15ms)
			TypeCache.Refresh (6ms)
				TypeCache.ScanAssembly (0ms)
			ScanForSourceGeneratedMonoScriptInfo (4ms)
			ResolveRequiredComponents (4ms)
	FinalizeReload (697ms)
		ReleaseScriptCaches (0ms)
		RebuildScriptCaches (0ms)
		SetupLoadedEditorAssemblies (293ms)
			LogAssemblyErrors (0ms)
			InitializePlatformSupportModulesInManaged (22ms)
			SetLoadedEditorAssemblies (2ms)
			RefreshPlugins (0ms)
			BeforeProcessingInitializeOnLoad (47ms)
			ProcessInitializeOnLoadAttributes (200ms)
			ProcessInitializeOnLoadMethodAttributes (16ms)
			AfterProcessingInitializeOnLoad (6ms)
			EditorAssembliesLoaded (0ms)
		ExecutionOrderSort2 (0ms)
		AwakeInstancesAfterBackupRestoration (5ms)
Refreshing native plugins compatible for Editor in 5.88 ms, found 3 plugins.
Preloading 0 native plugins for Editor in 0.00 ms.
Unloading 3138 Unused Serialized files (Serialized files now loaded: 0)
Unloading 25 unused Assets / (31.7 KB). Loaded Objects now: 3628.
Memory consumption went from 204.3 MB to 204.3 MB.
Total: 2.971400 ms (FindLiveObjects: 0.178100 ms CreateObjectMapping: 0.050900 ms MarkObjects: 2.698100 ms  DeleteObjects: 0.043700 ms)

Prepare: number of updated asset objects reloaded= 0
AssetImportParameters requested are different than current active one (requested -> active):
  custom:scripting/monoscript/fileName/ToggleLight.cs: 9e042735f9e5ac6703b236982b4c5f42 -> 
  custom:scripting/monoscript/fileName/VG_GraspEditor.cs: 1e18fc9b48656144758bd4817cbe067a -> 
  custom:container-demuxer-ogg: 62fdf1f143b41e24485cea50d1cbac27 -> 
  custom:scripting/monoscript/fileName/VG_EC_Leap.cs: 894da197a6b5d78872c91d5491367677 -> 
  custom:scripting/monoscript/fileName/VG_XRI_Entries.cs: 854d204cdfdf77c074f877c2b30478b0 -> 
  custom:scripting/monoscript/fileName/VG_EC_OVR.cs: 18f8bdec0324d78b69a69d5f34074178 -> 
  custom:video-codec-MediaFoundation-h265: 746d11721c4dcdbdad8f713fa42b33f4 -> 
  custom:scripting/monoscript/fileName/SimpleImpact.cs: 86fb711a3287211171ca3019744d5bf3 -> 
  custom:scripting/monoscript/fileName/VG_Recorder.cs: b3a04e14f2e53600c7c359c58e1efad0 -> 
  custom:scripting/monoscript/fileName/VG_Assemble.cs: 63a0cfc10b799e003d85c2f5de349c37 -> 
  custom:scripting/monoscript/fileName/VG_EC_Manus.cs: e22d72aba6fdd0dc30f64de9016deb79 -> 
  custom:video-decoder-ogg-theora: a1e56fd34408186e4bbccfd4996cb3dc -> 
  custom:scripting/monoscript/fileName/VG_Utility.cs: 7a65140fa5c069a5435ec871d1f7cff4 -> 
  custom:scripting/monoscript/fileName/VG_HandStatusDebugger.cs: 96d816212265c4ed786ffddcea8d6dee -> 
  custom:framework-win-MediaFoundation: 216162199b28c13a410421893ffa2e32 -> 
  custom:scripting/monoscript/fileName/VG_EC_Steam.cs: 5bac5c6e8014b2e81b6d5cabd713151b -> 
  custom:scripting/monoscript/fileName/VG_HintVisualizer.cs: 2ce86bb7e562736354e57e2c2d2e152f -> 
  custom:CustomObjectIndexerAttribute: 9a22284fe3817be447336de3de66b15e -> 
  custom:scripting/monoscript/fileName/ManageContainerObject.cs: 3474fe779362ef3c3751ac744d9a3709 -> 
  custom:container-demuxer-webm: 4f35f7cbe854078d1ac9338744f61a02 -> 
  custom:scripting/monoscript/fileName/VG_InteractionEngineTests.cs: ccbc2270df79caae56b25d2b01b1e56c -> 
  custom:scripting/monoscript/fileName/VG_RunTimeRegister.cs: e0cf28234555144eda222153207ee6b8 -> 
  custom:container-muxer-webm: aa71ff27fc2769a1b78a27578f13a17b -> 
  custom:scripting/monoscript/fileName/ChangeSelectionWeight.cs: ae9b03154775aa63df30aa941cc9a3c2 -> 
  custom:scripting/monoscript/fileName/VG_Highlighter.cs: 523fc587334d88232431f5124952dfab -> 
  custom:video-decoder-webm-vp8: 9c59270c3fd7afecdb556c50c9e8de78 -> 
  custom:scripting/monoscript/fileName/VG_ObjectAnimator.cs: 41fe22f153f80ae16e759133670734cf -> 
  custom:scripting/monoscript/fileName/VG_EC_Generic.cs: 62db95cf1751261d596fe4412d3f0cf8 -> 
  custom:SearchIndexIgnoredProperties: e643bd26f0fe6173181afceb89e7c659 -> 
  custom:AudioImporter_EditorPlatform: d09bf68614088b80899f8185d706f6e7 -> 
  custom:scripting/monoscript/fileName/SoundOnPushEvents.cs: 8f770092c0eb9f1044120154fc1eee16 -> 
  custom:scripting/monoscript/fileName/VG_Build.cs: 76852263859c12eae4580f9c71512b4d -> 
  custom:scripting/monoscript/fileName/AssembleArticulationBody.cs: 1b6899ae194e136926f25366772d690e -> 
  custom:scripting/monoscript/fileName/RuntimeInputTesting.cs: 7229228adf59dfeee67d67ccd6589d5b -> 
  custom:scripting/monoscript/fileName/VG_EC_Oculus.cs: 44e1d7d40b8958aa522fc0782a763416 -> 
  custom:scripting/monoscript/fileName/VG_EC_Script.cs: 4b36a900efa5caf21f6ae8e8ebf67568 -> 
  custom:video-encoder-webm-vp8: eb34c28f22e8b96e1ab97ce403110664 -> 
  custom:scripting/monoscript/fileName/FixParentOnObjectGrasped.cs: 0c9ddafabe6a48c2b126a07bb51ae89f -> 
  custom:scripting/monoscript/fileName/MyVirtualGrasp.cs: e5499c0904625f4d94e4c3d43e584882 -> 
  custom:audio-decoder-ogg-vorbis: bf7c407c2cedff20999df2af8eb42d56 -> 
  custom:scripting/monoscript/fileName/VG_BaseTests.cs: 5957927458aa32414bd2549d73cb54b3 -> 
  custom:scripting/monoscript/fileName/VG_EC_UnityXRInteraction.cs: a05647613d5277314afecd448677f18b -> 
  custom:scripting/monoscript/fileName/TestChangeObjectJointPlanar.cs: 9ce06e5ab9e772c77e4c3586f7c8f030 -> 
  custom:scripting/monoscript/fileName/SoundOnGraspEvents.cs: 271c20d2157293aa61846d660fae6a6c -> 
  custom:scripting/monoscript/fileName/VG_AnimationDriver.cs: a0abc1d21d4a6d94de42a08d2ab612b0 -> 
  custom:scripting/monoscript/fileName/VG_Locomotion.cs: 9ff3799e56c49f352732400659cca89f -> 
  custom:scripting/monoscript/fileName/VG_EC_UnityXR.cs: aa1ca8f58117589204852eb5f1d958e1 -> 
  custom:scripting/monoscript/fileName/VG_HandVisualizer.cs: f1312dca29b513306b9e7ef2b301d319 -> 
  custom:scripting/monoscript/fileName/VG_TestHelpers.cs: ad39f39a65b666246a4596b4070883a9 -> 
  custom:scripting/monoscript/fileName/VG_EC_Mouse.cs: 6fcba31255e6c2e01b4934e5af22f389 -> 
  custom:audio-encoder-webm-vorbis: bf7c407c2cedff20999df2af8eb42d56 -> 
  custom:scripting/monoscript/fileName/MetalImpact.cs: 9dbb071311a9f1fc0586ec2293701474 -> 
  custom:scripting/monoscript/fileName/VG_EC_UnityXRHands.cs: 4fb2ad031354bb47c2a34f754212333d -> 
========================================================================
Received Import Request.
  Time since last request: 6713.974703 seconds.
  path: Assets/HandModelDriver.cs
  artifactKey: Guid(04e98aa73f18d0e43b7ea631ea9cde93) Importer(815301076,1909f56bfc062723c751e8b465ee728b)
Start importing Assets/HandModelDriver.cs using Guid(04e98aa73f18d0e43b7ea631ea9cde93) Importer(815301076,1909f56bfc062723c751e8b465ee728b) [PhysX] Initialized MultithreadedTaskDispatcher with 32 workers.
 -> (artifact id: '1f0e5dd8d32d55fba7549ce7432bbc68') in 0.002712 seconds
Number of updated asset objects reloaded before import = 0
Number of asset objects unloaded after import = 0
========================================================================
Received Prepare
Begin MonoManager ReloadAssembly
- Loaded All Assemblies, in  0.342 seconds
Refreshing native plugins compatible for Editor in 2.40 ms, found 3 plugins.
Native extension for WindowsStandalone target not found
Native extension for Android target not found
Native extension for WebGL target not found
Mono: successfully reloaded assembly
- Finished resetting the current domain, in  0.647 seconds
Domain Reload Profiling: 987ms
	BeginReloadAssembly (118ms)
		ExecutionOrderSort (0ms)
		DisableScriptedObjects (3ms)
		BackupInstance (0ms)
		ReleaseScriptingObjects (0ms)
		CreateAndSetChildDomain (27ms)
	RebuildCommonClasses (24ms)
	RebuildNativeTypeToScriptingClass (8ms)
	initialDomainReloadingComplete (23ms)
	LoadAllAssembliesAndSetupDomain (167ms)
		LoadAssemblies (211ms)
		RebuildTransferFunctionScriptingTraits (0ms)
		AnalyzeDomain (19ms)
			TypeCache.Refresh (10ms)
				TypeCache.ScanAssembly (0ms)
			ScanForSourceGeneratedMonoScriptInfo (5ms)
			ResolveRequiredComponents (3ms)
	FinalizeReload (647ms)
		ReleaseScriptCaches (0ms)
		RebuildScriptCaches (0ms)
		SetupLoadedEditorAssemblies (258ms)
			LogAssemblyErrors (0ms)
			InitializePlatformSupportModulesInManaged (19ms)
			SetLoadedEditorAssemblies (2ms)
			RefreshPlugins (0ms)
			BeforeProcessingInitializeOnLoad (41ms)
			ProcessInitializeOnLoadAttributes (177ms)
			ProcessInitializeOnLoadMethodAttributes (14ms)
			AfterProcessingInitializeOnLoad (5ms)
			EditorAssembliesLoaded (0ms)
		ExecutionOrderSort2 (0ms)
		AwakeInstancesAfterBackupRestoration (4ms)
Refreshing native plugins compatible for Editor in 6.32 ms, found 3 plugins.
Preloading 0 native plugins for Editor in 0.00 ms.
Unloading 3138 Unused Serialized files (Serialized files now loaded: 0)
Unloading 25 unused Assets / (31.6 KB). Loaded Objects now: 3631.
Memory consumption went from 204.4 MB to 204.3 MB.
Total: 4.747500 ms (FindLiveObjects: 0.320800 ms CreateObjectMapping: 0.152400 ms MarkObjects: 4.207400 ms  DeleteObjects: 0.065800 ms)

Prepare: number of updated asset objects reloaded= 0
AssetImportParameters requested are different than current active one (requested -> active):
  custom:scripting/monoscript/fileName/ToggleLight.cs: 9e042735f9e5ac6703b236982b4c5f42 -> 
  custom:scripting/monoscript/fileName/VG_GraspEditor.cs: 1e18fc9b48656144758bd4817cbe067a -> 
  custom:container-demuxer-ogg: 62fdf1f143b41e24485cea50d1cbac27 -> 
  custom:scripting/monoscript/fileName/VG_EC_Leap.cs: 894da197a6b5d78872c91d5491367677 -> 
  custom:scripting/monoscript/fileName/VG_XRI_Entries.cs: 854d204cdfdf77c074f877c2b30478b0 -> 
  custom:scripting/monoscript/fileName/VG_EC_OVR.cs: 18f8bdec0324d78b69a69d5f34074178 -> 
  custom:video-codec-MediaFoundation-h265: 746d11721c4dcdbdad8f713fa42b33f4 -> 
  custom:scripting/monoscript/fileName/SimpleImpact.cs: 86fb711a3287211171ca3019744d5bf3 -> 
  custom:scripting/monoscript/fileName/VG_Recorder.cs: b3a04e14f2e53600c7c359c58e1efad0 -> 
  custom:scripting/monoscript/fileName/VG_Assemble.cs: 63a0cfc10b799e003d85c2f5de349c37 -> 
  custom:scripting/monoscript/fileName/VG_EC_Manus.cs: e22d72aba6fdd0dc30f64de9016deb79 -> 
  custom:video-decoder-ogg-theora: a1e56fd34408186e4bbccfd4996cb3dc -> 
  custom:scripting/monoscript/fileName/VG_Utility.cs: 7a65140fa5c069a5435ec871d1f7cff4 -> 
  custom:scripting/monoscript/fileName/VG_HandStatusDebugger.cs: 96d816212265c4ed786ffddcea8d6dee -> 
  custom:framework-win-MediaFoundation: 216162199b28c13a410421893ffa2e32 -> 
  custom:scripting/monoscript/fileName/VG_EC_Steam.cs: 5bac5c6e8014b2e81b6d5cabd713151b -> 
  custom:scripting/monoscript/fileName/VG_HintVisualizer.cs: 2ce86bb7e562736354e57e2c2d2e152f -> 
  custom:CustomObjectIndexerAttribute: 9a22284fe3817be447336de3de66b15e -> 
  custom:scripting/monoscript/fileName/ManageContainerObject.cs: 3474fe779362ef3c3751ac744d9a3709 -> 
  custom:container-demuxer-webm: 4f35f7cbe854078d1ac9338744f61a02 -> 
  custom:scripting/monoscript/fileName/VG_InteractionEngineTests.cs: ccbc2270df79caae56b25d2b01b1e56c -> 
  custom:scripting/monoscript/fileName/VG_RunTimeRegister.cs: e0cf28234555144eda222153207ee6b8 -> 
  custom:container-muxer-webm: aa71ff27fc2769a1b78a27578f13a17b -> 
  custom:scripting/monoscript/fileName/ChangeSelectionWeight.cs: ae9b03154775aa63df30aa941cc9a3c2 -> 
  custom:scripting/monoscript/fileName/VG_Highlighter.cs: 523fc587334d88232431f5124952dfab -> 
  custom:video-decoder-webm-vp8: 9c59270c3fd7afecdb556c50c9e8de78 -> 
  custom:scripting/monoscript/fileName/VG_ObjectAnimator.cs: 41fe22f153f80ae16e759133670734cf -> 
  custom:scripting/monoscript/fileName/VG_EC_Generic.cs: 62db95cf1751261d596fe4412d3f0cf8 -> 
  custom:SearchIndexIgnoredProperties: e643bd26f0fe6173181afceb89e7c659 -> 
  custom:AudioImporter_EditorPlatform: d09bf68614088b80899f8185d706f6e7 -> 
  custom:scripting/monoscript/fileName/SoundOnPushEvents.cs: 8f770092c0eb9f1044120154fc1eee16 -> 
  custom:scripting/monoscript/fileName/VG_Build.cs: 76852263859c12eae4580f9c71512b4d -> 
  custom:scripting/monoscript/fileName/AssembleArticulationBody.cs: 1b6899ae194e136926f25366772d690e -> 
  custom:scripting/monoscript/fileName/RuntimeInputTesting.cs: 7229228adf59dfeee67d67ccd6589d5b -> 
  custom:scripting/monoscript/fileName/VG_EC_Oculus.cs: 44e1d7d40b8958aa522fc0782a763416 -> 
  custom:scripting/monoscript/fileName/VG_EC_Script.cs: 4b36a900efa5caf21f6ae8e8ebf67568 -> 
  custom:video-encoder-webm-vp8: eb34c28f22e8b96e1ab97ce403110664 -> 
  custom:scripting/monoscript/fileName/FixParentOnObjectGrasped.cs: 0c9ddafabe6a48c2b126a07bb51ae89f -> 
  custom:scripting/monoscript/fileName/MyVirtualGrasp.cs: e5499c0904625f4d94e4c3d43e584882 -> 
  custom:audio-decoder-ogg-vorbis: bf7c407c2cedff20999df2af8eb42d56 -> 
  custom:scripting/monoscript/fileName/VG_BaseTests.cs: 5957927458aa32414bd2549d73cb54b3 -> 
  custom:scripting/monoscript/fileName/VG_EC_UnityXRInteraction.cs: a05647613d5277314afecd448677f18b -> 
  custom:scripting/monoscript/fileName/TestChangeObjectJointPlanar.cs: 9ce06e5ab9e772c77e4c3586f7c8f030 -> 
  custom:scripting/monoscript/fileName/SoundOnGraspEvents.cs: 271c20d2157293aa61846d660fae6a6c -> 
  custom:scripting/monoscript/fileName/VG_AnimationDriver.cs: a0abc1d21d4a6d94de42a08d2ab612b0 -> 
  custom:scripting/monoscript/fileName/VG_Locomotion.cs: 9ff3799e56c49f352732400659cca89f -> 
  custom:scripting/monoscript/fileName/VG_EC_UnityXR.cs: aa1ca8f58117589204852eb5f1d958e1 -> 
  custom:scripting/monoscript/fileName/VG_HandVisualizer.cs: f1312dca29b513306b9e7ef2b301d319 -> 
  custom:scripting/monoscript/fileName/VG_TestHelpers.cs: ad39f39a65b666246a4596b4070883a9 -> 
  custom:scripting/monoscript/fileName/VG_EC_Mouse.cs: 6fcba31255e6c2e01b4934e5af22f389 -> 
  custom:audio-encoder-webm-vorbis: bf7c407c2cedff20999df2af8eb42d56 -> 
  custom:scripting/monoscript/fileName/MetalImpact.cs: 9dbb071311a9f1fc0586ec2293701474 -> 
  custom:scripting/monoscript/fileName/VG_EC_UnityXRHands.cs: 4fb2ad031354bb47c2a34f754212333d -> 
========================================================================
Received Prepare
Begin MonoManager ReloadAssembly
- Loaded All Assemblies, in  0.386 seconds
Refreshing native plugins compatible for Editor in 3.50 ms, found 3 plugins.
Native extension for WindowsStandalone target not found
Native extension for Android target not found
Native extension for WebGL target not found
Mono: successfully reloaded assembly
- Finished resetting the current domain, in  0.950 seconds
Domain Reload Profiling: 1334ms
	BeginReloadAssembly (132ms)
		ExecutionOrderSort (0ms)
		DisableScriptedObjects (4ms)
		BackupInstance (0ms)
		ReleaseScriptingObjects (0ms)
		CreateAndSetChildDomain (31ms)
	RebuildCommonClasses (26ms)
	RebuildNativeTypeToScriptingClass (12ms)
	initialDomainReloadingComplete (26ms)
	LoadAllAssembliesAndSetupDomain (188ms)
		LoadAssemblies (241ms)
		RebuildTransferFunctionScriptingTraits (0ms)
		AnalyzeDomain (17ms)
			TypeCache.Refresh (8ms)
				TypeCache.ScanAssembly (0ms)
			ScanForSourceGeneratedMonoScriptInfo (0ms)
			ResolveRequiredComponents (7ms)
	FinalizeReload (951ms)
		ReleaseScriptCaches (0ms)
		RebuildScriptCaches (0ms)
		SetupLoadedEditorAssemblies (397ms)
			LogAssemblyErrors (0ms)
			InitializePlatformSupportModulesInManaged (30ms)
			SetLoadedEditorAssemblies (3ms)
			RefreshPlugins (0ms)
			BeforeProcessingInitializeOnLoad (59ms)
			ProcessInitializeOnLoadAttributes (273ms)
			ProcessInitializeOnLoadMethodAttributes (25ms)
			AfterProcessingInitializeOnLoad (7ms)
			EditorAssembliesLoaded (0ms)
		ExecutionOrderSort2 (0ms)
		AwakeInstancesAfterBackupRestoration (8ms)
Refreshing native plugins compatible for Editor in 7.03 ms, found 3 plugins.
Preloading 0 native plugins for Editor in 0.00 ms.
Unloading 3139 Unused Serialized files (Serialized files now loaded: 0)
Unloading 25 unused Assets / (31.7 KB). Loaded Objects now: 3634.
Memory consumption went from 204.6 MB to 204.6 MB.
Total: 3.606400 ms (FindLiveObjects: 0.400000 ms CreateObjectMapping: 0.078500 ms MarkObjects: 3.051000 ms  DeleteObjects: 0.075700 ms)

Prepare: number of updated asset objects reloaded= 0
AssetImportParameters requested are different than current active one (requested -> active):
  custom:scripting/monoscript/fileName/ToggleLight.cs: 9e042735f9e5ac6703b236982b4c5f42 -> 
  custom:scripting/monoscript/fileName/VG_GraspEditor.cs: 1e18fc9b48656144758bd4817cbe067a -> 
  custom:container-demuxer-ogg: 62fdf1f143b41e24485cea50d1cbac27 -> 
  custom:scripting/monoscript/fileName/VG_EC_Leap.cs: 894da197a6b5d78872c91d5491367677 -> 
  custom:scripting/monoscript/fileName/VG_XRI_Entries.cs: 854d204cdfdf77c074f877c2b30478b0 -> 
  custom:scripting/monoscript/fileName/VG_EC_OVR.cs: 18f8bdec0324d78b69a69d5f34074178 -> 
  custom:video-codec-MediaFoundation-h265: 746d11721c4dcdbdad8f713fa42b33f4 -> 
  custom:scripting/monoscript/fileName/SimpleImpact.cs: 86fb711a3287211171ca3019744d5bf3 -> 
  custom:scripting/monoscript/fileName/VG_Recorder.cs: b3a04e14f2e53600c7c359c58e1efad0 -> 
  custom:scripting/monoscript/fileName/VG_Assemble.cs: 63a0cfc10b799e003d85c2f5de349c37 -> 
  custom:scripting/monoscript/fileName/VG_EC_Manus.cs: e22d72aba6fdd0dc30f64de9016deb79 -> 
  custom:video-decoder-ogg-theora: a1e56fd34408186e4bbccfd4996cb3dc -> 
  custom:scripting/monoscript/fileName/VG_Utility.cs: 7a65140fa5c069a5435ec871d1f7cff4 -> 
  custom:scripting/monoscript/fileName/VG_HandStatusDebugger.cs: 96d816212265c4ed786ffddcea8d6dee -> 
  custom:framework-win-MediaFoundation: 216162199b28c13a410421893ffa2e32 -> 
  custom:scripting/monoscript/fileName/VG_EC_Steam.cs: 5bac5c6e8014b2e81b6d5cabd713151b -> 
  custom:scripting/monoscript/fileName/VG_HintVisualizer.cs: 2ce86bb7e562736354e57e2c2d2e152f -> 
  custom:CustomObjectIndexerAttribute: 9a22284fe3817be447336de3de66b15e -> 
  custom:scripting/monoscript/fileName/ManageContainerObject.cs: 3474fe779362ef3c3751ac744d9a3709 -> 
  custom:container-demuxer-webm: 4f35f7cbe854078d1ac9338744f61a02 -> 
  custom:scripting/monoscript/fileName/VG_InteractionEngineTests.cs: ccbc2270df79caae56b25d2b01b1e56c -> 
  custom:scripting/monoscript/fileName/VG_RunTimeRegister.cs: e0cf28234555144eda222153207ee6b8 -> 
  custom:container-muxer-webm: aa71ff27fc2769a1b78a27578f13a17b -> 
  custom:scripting/monoscript/fileName/ChangeSelectionWeight.cs: ae9b03154775aa63df30aa941cc9a3c2 -> 
  custom:scripting/monoscript/fileName/VG_Highlighter.cs: 523fc587334d88232431f5124952dfab -> 
  custom:video-decoder-webm-vp8: 9c59270c3fd7afecdb556c50c9e8de78 -> 
  custom:scripting/monoscript/fileName/VG_ObjectAnimator.cs: 41fe22f153f80ae16e759133670734cf -> 
  custom:scripting/monoscript/fileName/VG_EC_Generic.cs: 62db95cf1751261d596fe4412d3f0cf8 -> 
  custom:SearchIndexIgnoredProperties: e643bd26f0fe6173181afceb89e7c659 -> 
  custom:AudioImporter_EditorPlatform: d09bf68614088b80899f8185d706f6e7 -> 
  custom:scripting/monoscript/fileName/SoundOnPushEvents.cs: 8f770092c0eb9f1044120154fc1eee16 -> 
  custom:scripting/monoscript/fileName/VG_Build.cs: 76852263859c12eae4580f9c71512b4d -> 
  custom:scripting/monoscript/fileName/AssembleArticulationBody.cs: 1b6899ae194e136926f25366772d690e -> 
  custom:scripting/monoscript/fileName/RuntimeInputTesting.cs: 7229228adf59dfeee67d67ccd6589d5b -> 
  custom:scripting/monoscript/fileName/VG_EC_Oculus.cs: 44e1d7d40b8958aa522fc0782a763416 -> 
  custom:scripting/monoscript/fileName/VG_EC_Script.cs: 4b36a900efa5caf21f6ae8e8ebf67568 -> 
  custom:video-encoder-webm-vp8: eb34c28f22e8b96e1ab97ce403110664 -> 
  custom:scripting/monoscript/fileName/FixParentOnObjectGrasped.cs: 0c9ddafabe6a48c2b126a07bb51ae89f -> 
  custom:scripting/monoscript/fileName/MyVirtualGrasp.cs: e5499c0904625f4d94e4c3d43e584882 -> 
  custom:audio-decoder-ogg-vorbis: bf7c407c2cedff20999df2af8eb42d56 -> 
  custom:scripting/monoscript/fileName/VG_BaseTests.cs: 5957927458aa32414bd2549d73cb54b3 -> 
  custom:scripting/monoscript/fileName/VG_EC_UnityXRInteraction.cs: a05647613d5277314afecd448677f18b -> 
  custom:scripting/monoscript/fileName/TestChangeObjectJointPlanar.cs: 9ce06e5ab9e772c77e4c3586f7c8f030 -> 
  custom:scripting/monoscript/fileName/SoundOnGraspEvents.cs: 271c20d2157293aa61846d660fae6a6c -> 
  custom:scripting/monoscript/fileName/VG_AnimationDriver.cs: a0abc1d21d4a6d94de42a08d2ab612b0 -> 
  custom:scripting/monoscript/fileName/VG_Locomotion.cs: 9ff3799e56c49f352732400659cca89f -> 
  custom:scripting/monoscript/fileName/VG_EC_UnityXR.cs: aa1ca8f58117589204852eb5f1d958e1 -> 
  custom:scripting/monoscript/fileName/VG_HandVisualizer.cs: f1312dca29b513306b9e7ef2b301d319 -> 
  custom:scripting/monoscript/fileName/VG_TestHelpers.cs: ad39f39a65b666246a4596b4070883a9 -> 
  custom:scripting/monoscript/fileName/VG_EC_Mouse.cs: 6fcba31255e6c2e01b4934e5af22f389 -> 
  custom:audio-encoder-webm-vorbis: bf7c407c2cedff20999df2af8eb42d56 -> 
  custom:scripting/monoscript/fileName/MetalImpact.cs: 9dbb071311a9f1fc0586ec2293701474 -> 
  custom:scripting/monoscript/fileName/VG_EC_UnityXRHands.cs: 4fb2ad031354bb47c2a34f754212333d -> 
========================================================================
Received Prepare
Begin MonoManager ReloadAssembly
- Loaded All Assemblies, in  0.338 seconds
Refreshing native plugins compatible for Editor in 3.24 ms, found 3 plugins.
Native extension for WindowsStandalone target not found
Native extension for Android target not found
Native extension for WebGL target not found
Mono: successfully reloaded assembly
- Finished resetting the current domain, in  0.755 seconds
Domain Reload Profiling: 1091ms
	BeginReloadAssembly (119ms)
		ExecutionOrderSort (0ms)
		DisableScriptedObjects (4ms)
		BackupInstance (0ms)
		ReleaseScriptingObjects (0ms)
		CreateAndSetChildDomain (24ms)
	RebuildCommonClasses (26ms)
	RebuildNativeTypeToScriptingClass (9ms)
	initialDomainReloadingComplete (23ms)
	LoadAllAssembliesAndSetupDomain (159ms)
		LoadAssemblies (207ms)
		RebuildTransferFunctionScriptingTraits (0ms)
		AnalyzeDomain (13ms)
			TypeCache.Refresh (5ms)
				TypeCache.ScanAssembly (0ms)
			ScanForSourceGeneratedMonoScriptInfo (0ms)
			ResolveRequiredComponents (7ms)
	FinalizeReload (756ms)
		ReleaseScriptCaches (0ms)
		RebuildScriptCaches (0ms)
		SetupLoadedEditorAssemblies (337ms)
			LogAssemblyErrors (0ms)
			InitializePlatformSupportModulesInManaged (23ms)
			SetLoadedEditorAssemblies (2ms)
			RefreshPlugins (0ms)
			BeforeProcessingInitializeOnLoad (50ms)
			ProcessInitializeOnLoadAttributes (236ms)
			ProcessInitializeOnLoadMethodAttributes (18ms)
			AfterProcessingInitializeOnLoad (7ms)
			EditorAssembliesLoaded (0ms)
		ExecutionOrderSort2 (0ms)
		AwakeInstancesAfterBackupRestoration (7ms)
Refreshing native plugins compatible for Editor in 6.18 ms, found 3 plugins.
Preloading 0 native plugins for Editor in 0.00 ms.
Unloading 3139 Unused Serialized files (Serialized files now loaded: 0)
Unloading 25 unused Assets / (31.6 KB). Loaded Objects now: 3637.
Memory consumption went from 204.6 MB to 204.6 MB.
Total: 3.144300 ms (FindLiveObjects: 0.190700 ms CreateObjectMapping: 0.058700 ms MarkObjects: 2.848900 ms  DeleteObjects: 0.045300 ms)

Prepare: number of updated asset objects reloaded= 0
AssetImportParameters requested are different than current active one (requested -> active):
  custom:scripting/monoscript/fileName/ToggleLight.cs: 9e042735f9e5ac6703b236982b4c5f42 -> 
  custom:scripting/monoscript/fileName/VG_GraspEditor.cs: 1e18fc9b48656144758bd4817cbe067a -> 
  custom:container-demuxer-ogg: 62fdf1f143b41e24485cea50d1cbac27 -> 
  custom:scripting/monoscript/fileName/VG_EC_Leap.cs: 894da197a6b5d78872c91d5491367677 -> 
  custom:scripting/monoscript/fileName/VG_XRI_Entries.cs: 854d204cdfdf77c074f877c2b30478b0 -> 
  custom:scripting/monoscript/fileName/VG_EC_OVR.cs: 18f8bdec0324d78b69a69d5f34074178 -> 
  custom:video-codec-MediaFoundation-h265: 746d11721c4dcdbdad8f713fa42b33f4 -> 
  custom:scripting/monoscript/fileName/SimpleImpact.cs: 86fb711a3287211171ca3019744d5bf3 -> 
  custom:scripting/monoscript/fileName/VG_Recorder.cs: b3a04e14f2e53600c7c359c58e1efad0 -> 
  custom:scripting/monoscript/fileName/VG_Assemble.cs: 63a0cfc10b799e003d85c2f5de349c37 -> 
  custom:scripting/monoscript/fileName/VG_EC_Manus.cs: e22d72aba6fdd0dc30f64de9016deb79 -> 
  custom:video-decoder-ogg-theora: a1e56fd34408186e4bbccfd4996cb3dc -> 
  custom:scripting/monoscript/fileName/VG_Utility.cs: 7a65140fa5c069a5435ec871d1f7cff4 -> 
  custom:scripting/monoscript/fileName/VG_HandStatusDebugger.cs: 96d816212265c4ed786ffddcea8d6dee -> 
  custom:framework-win-MediaFoundation: 216162199b28c13a410421893ffa2e32 -> 
  custom:scripting/monoscript/fileName/VG_EC_Steam.cs: 5bac5c6e8014b2e81b6d5cabd713151b -> 
  custom:scripting/monoscript/fileName/VG_HintVisualizer.cs: 2ce86bb7e562736354e57e2c2d2e152f -> 
  custom:CustomObjectIndexerAttribute: 9a22284fe3817be447336de3de66b15e -> 
  custom:scripting/monoscript/fileName/ManageContainerObject.cs: 3474fe779362ef3c3751ac744d9a3709 -> 
  custom:container-demuxer-webm: 4f35f7cbe854078d1ac9338744f61a02 -> 
  custom:scripting/monoscript/fileName/VG_InteractionEngineTests.cs: ccbc2270df79caae56b25d2b01b1e56c -> 
  custom:scripting/monoscript/fileName/VG_RunTimeRegister.cs: e0cf28234555144eda222153207ee6b8 -> 
  custom:container-muxer-webm: aa71ff27fc2769a1b78a27578f13a17b -> 
  custom:scripting/monoscript/fileName/ChangeSelectionWeight.cs: ae9b03154775aa63df30aa941cc9a3c2 -> 
  custom:scripting/monoscript/fileName/VG_Highlighter.cs: 523fc587334d88232431f5124952dfab -> 
  custom:video-decoder-webm-vp8: 9c59270c3fd7afecdb556c50c9e8de78 -> 
  custom:scripting/monoscript/fileName/VG_ObjectAnimator.cs: 41fe22f153f80ae16e759133670734cf -> 
  custom:scripting/monoscript/fileName/VG_EC_Generic.cs: 62db95cf1751261d596fe4412d3f0cf8 -> 
  custom:SearchIndexIgnoredProperties: e643bd26f0fe6173181afceb89e7c659 -> 
  custom:AudioImporter_EditorPlatform: d09bf68614088b80899f8185d706f6e7 -> 
  custom:scripting/monoscript/fileName/SoundOnPushEvents.cs: 8f770092c0eb9f1044120154fc1eee16 -> 
  custom:scripting/monoscript/fileName/VG_Build.cs: 76852263859c12eae4580f9c71512b4d -> 
  custom:scripting/monoscript/fileName/AssembleArticulationBody.cs: 1b6899ae194e136926f25366772d690e -> 
  custom:scripting/monoscript/fileName/RuntimeInputTesting.cs: 7229228adf59dfeee67d67ccd6589d5b -> 
  custom:scripting/monoscript/fileName/VG_EC_Oculus.cs: 44e1d7d40b8958aa522fc0782a763416 -> 
  custom:scripting/monoscript/fileName/VG_EC_Script.cs: 4b36a900efa5caf21f6ae8e8ebf67568 -> 
  custom:video-encoder-webm-vp8: eb34c28f22e8b96e1ab97ce403110664 -> 
  custom:scripting/monoscript/fileName/FixParentOnObjectGrasped.cs: 0c9ddafabe6a48c2b126a07bb51ae89f -> 
  custom:scripting/monoscript/fileName/MyVirtualGrasp.cs: e5499c0904625f4d94e4c3d43e584882 -> 
  custom:audio-decoder-ogg-vorbis: bf7c407c2cedff20999df2af8eb42d56 -> 
  custom:scripting/monoscript/fileName/VG_BaseTests.cs: 5957927458aa32414bd2549d73cb54b3 -> 
  custom:scripting/monoscript/fileName/VG_EC_UnityXRInteraction.cs: a05647613d5277314afecd448677f18b -> 
  custom:scripting/monoscript/fileName/TestChangeObjectJointPlanar.cs: 9ce06e5ab9e772c77e4c3586f7c8f030 -> 
  custom:scripting/monoscript/fileName/SoundOnGraspEvents.cs: 271c20d2157293aa61846d660fae6a6c -> 
  custom:scripting/monoscript/fileName/VG_AnimationDriver.cs: a0abc1d21d4a6d94de42a08d2ab612b0 -> 
  custom:scripting/monoscript/fileName/VG_Locomotion.cs: 9ff3799e56c49f352732400659cca89f -> 
  custom:scripting/monoscript/fileName/VG_EC_UnityXR.cs: aa1ca8f58117589204852eb5f1d958e1 -> 
  custom:scripting/monoscript/fileName/VG_HandVisualizer.cs: f1312dca29b513306b9e7ef2b301d319 -> 
  custom:scripting/monoscript/fileName/VG_TestHelpers.cs: ad39f39a65b666246a4596b4070883a9 -> 
  custom:scripting/monoscript/fileName/VG_EC_Mouse.cs: 6fcba31255e6c2e01b4934e5af22f389 -> 
  custom:audio-encoder-webm-vorbis: bf7c407c2cedff20999df2af8eb42d56 -> 
  custom:scripting/monoscript/fileName/MetalImpact.cs: 9dbb071311a9f1fc0586ec2293701474 -> 
  custom:scripting/monoscript/fileName/VG_EC_UnityXRHands.cs: 4fb2ad031354bb47c2a34f754212333d -> 
========================================================================
Received Prepare
Begin MonoManager ReloadAssembly
- Loaded All Assemblies, in  0.352 seconds
Refreshing native plugins compatible for Editor in 2.78 ms, found 3 plugins.
Native extension for WindowsStandalone target not found
Native extension for Android target not found
Native extension for WebGL target not found
Mono: successfully reloaded assembly
- Finished resetting the current domain, in  0.931 seconds
Domain Reload Profiling: 1281ms
	BeginReloadAssembly (122ms)
		ExecutionOrderSort (0ms)
		DisableScriptedObjects (4ms)
		BackupInstance (0ms)
		ReleaseScriptingObjects (0ms)
		CreateAndSetChildDomain (26ms)
	RebuildCommonClasses (26ms)
	RebuildNativeTypeToScriptingClass (8ms)
	initialDomainReloadingComplete (24ms)
	LoadAllAssembliesAndSetupDomain (170ms)
		LoadAssemblies (223ms)
		RebuildTransferFunctionScriptingTraits (0ms)
		AnalyzeDomain (11ms)
			TypeCache.Refresh (5ms)
				TypeCache.ScanAssembly (0ms)
			ScanForSourceGeneratedMonoScriptInfo (0ms)
			ResolveRequiredComponents (4ms)
	FinalizeReload (932ms)
		ReleaseScriptCaches (0ms)
		RebuildScriptCaches (0ms)
		SetupLoadedEditorAssemblies (439ms)
			LogAssemblyErrors (0ms)
			InitializePlatformSupportModulesInManaged (31ms)
			SetLoadedEditorAssemblies (3ms)
			RefreshPlugins (0ms)
			BeforeProcessingInitializeOnLoad (65ms)
			ProcessInitializeOnLoadAttributes (305ms)
			ProcessInitializeOnLoadMethodAttributes (25ms)
			AfterProcessingInitializeOnLoad (8ms)
			EditorAssembliesLoaded (0ms)
		ExecutionOrderSort2 (0ms)
		AwakeInstancesAfterBackupRestoration (8ms)
Refreshing native plugins compatible for Editor in 7.25 ms, found 3 plugins.
Preloading 0 native plugins for Editor in 0.00 ms.
Unloading 3139 Unused Serialized files (Serialized files now loaded: 0)
Unloading 25 unused Assets / (31.6 KB). Loaded Objects now: 3640.
Memory consumption went from 204.6 MB to 204.6 MB.
Total: 4.383700 ms (FindLiveObjects: 0.430000 ms CreateObjectMapping: 0.114800 ms MarkObjects: 3.762700 ms  DeleteObjects: 0.074100 ms)

Prepare: number of updated asset objects reloaded= 0
AssetImportParameters requested are different than current active one (requested -> active):
  custom:scripting/monoscript/fileName/ToggleLight.cs: 9e042735f9e5ac6703b236982b4c5f42 -> 
  custom:scripting/monoscript/fileName/VG_GraspEditor.cs: 1e18fc9b48656144758bd4817cbe067a -> 
  custom:container-demuxer-ogg: 62fdf1f143b41e24485cea50d1cbac27 -> 
  custom:scripting/monoscript/fileName/VG_EC_Leap.cs: 894da197a6b5d78872c91d5491367677 -> 
  custom:scripting/monoscript/fileName/VG_XRI_Entries.cs: 854d204cdfdf77c074f877c2b30478b0 -> 
  custom:scripting/monoscript/fileName/VG_EC_OVR.cs: 18f8bdec0324d78b69a69d5f34074178 -> 
  custom:video-codec-MediaFoundation-h265: 746d11721c4dcdbdad8f713fa42b33f4 -> 
  custom:scripting/monoscript/fileName/SimpleImpact.cs: 86fb711a3287211171ca3019744d5bf3 -> 
  custom:scripting/monoscript/fileName/VG_Recorder.cs: b3a04e14f2e53600c7c359c58e1efad0 -> 
  custom:scripting/monoscript/fileName/VG_Assemble.cs: 63a0cfc10b799e003d85c2f5de349c37 -> 
  custom:scripting/monoscript/fileName/VG_EC_Manus.cs: e22d72aba6fdd0dc30f64de9016deb79 -> 
  custom:video-decoder-ogg-theora: a1e56fd34408186e4bbccfd4996cb3dc -> 
  custom:scripting/monoscript/fileName/VG_Utility.cs: 7a65140fa5c069a5435ec871d1f7cff4 -> 
  custom:scripting/monoscript/fileName/VG_HandStatusDebugger.cs: 96d816212265c4ed786ffddcea8d6dee -> 
  custom:framework-win-MediaFoundation: 216162199b28c13a410421893ffa2e32 -> 
  custom:scripting/monoscript/fileName/VG_EC_Steam.cs: 5bac5c6e8014b2e81b6d5cabd713151b -> 
  custom:scripting/monoscript/fileName/VG_HintVisualizer.cs: 2ce86bb7e562736354e57e2c2d2e152f -> 
  custom:CustomObjectIndexerAttribute: 9a22284fe3817be447336de3de66b15e -> 
  custom:scripting/monoscript/fileName/ManageContainerObject.cs: 3474fe779362ef3c3751ac744d9a3709 -> 
  custom:container-demuxer-webm: 4f35f7cbe854078d1ac9338744f61a02 -> 
  custom:scripting/monoscript/fileName/VG_InteractionEngineTests.cs: ccbc2270df79caae56b25d2b01b1e56c -> 
  custom:scripting/monoscript/fileName/VG_RunTimeRegister.cs: e0cf28234555144eda222153207ee6b8 -> 
  custom:container-muxer-webm: aa71ff27fc2769a1b78a27578f13a17b -> 
  custom:scripting/monoscript/fileName/ChangeSelectionWeight.cs: ae9b03154775aa63df30aa941cc9a3c2 -> 
  custom:scripting/monoscript/fileName/VG_Highlighter.cs: 523fc587334d88232431f5124952dfab -> 
  custom:video-decoder-webm-vp8: 9c59270c3fd7afecdb556c50c9e8de78 -> 
  custom:scripting/monoscript/fileName/VG_ObjectAnimator.cs: 41fe22f153f80ae16e759133670734cf -> 
  custom:scripting/monoscript/fileName/VG_EC_Generic.cs: 62db95cf1751261d596fe4412d3f0cf8 -> 
  custom:SearchIndexIgnoredProperties: e643bd26f0fe6173181afceb89e7c659 -> 
  custom:AudioImporter_EditorPlatform: d09bf68614088b80899f8185d706f6e7 -> 
  custom:scripting/monoscript/fileName/SoundOnPushEvents.cs: 8f770092c0eb9f1044120154fc1eee16 -> 
  custom:scripting/monoscript/fileName/VG_Build.cs: 76852263859c12eae4580f9c71512b4d -> 
  custom:scripting/monoscript/fileName/AssembleArticulationBody.cs: 1b6899ae194e136926f25366772d690e -> 
  custom:scripting/monoscript/fileName/RuntimeInputTesting.cs: 7229228adf59dfeee67d67ccd6589d5b -> 
  custom:scripting/monoscript/fileName/VG_EC_Oculus.cs: 44e1d7d40b8958aa522fc0782a763416 -> 
  custom:scripting/monoscript/fileName/VG_EC_Script.cs: 4b36a900efa5caf21f6ae8e8ebf67568 -> 
  custom:video-encoder-webm-vp8: eb34c28f22e8b96e1ab97ce403110664 -> 
  custom:scripting/monoscript/fileName/FixParentOnObjectGrasped.cs: 0c9ddafabe6a48c2b126a07bb51ae89f -> 
  custom:scripting/monoscript/fileName/MyVirtualGrasp.cs: e5499c0904625f4d94e4c3d43e584882 -> 
  custom:audio-decoder-ogg-vorbis: bf7c407c2cedff20999df2af8eb42d56 -> 
  custom:scripting/monoscript/fileName/VG_BaseTests.cs: 5957927458aa32414bd2549d73cb54b3 -> 
  custom:scripting/monoscript/fileName/VG_EC_UnityXRInteraction.cs: a05647613d5277314afecd448677f18b -> 
  custom:scripting/monoscript/fileName/TestChangeObjectJointPlanar.cs: 9ce06e5ab9e772c77e4c3586f7c8f030 -> 
  custom:scripting/monoscript/fileName/SoundOnGraspEvents.cs: 271c20d2157293aa61846d660fae6a6c -> 
  custom:scripting/monoscript/fileName/VG_AnimationDriver.cs: a0abc1d21d4a6d94de42a08d2ab612b0 -> 
  custom:scripting/monoscript/fileName/VG_Locomotion.cs: 9ff3799e56c49f352732400659cca89f -> 
  custom:scripting/monoscript/fileName/VG_EC_UnityXR.cs: aa1ca8f58117589204852eb5f1d958e1 -> 
  custom:scripting/monoscript/fileName/VG_HandVisualizer.cs: f1312dca29b513306b9e7ef2b301d319 -> 
  custom:scripting/monoscript/fileName/VG_TestHelpers.cs: ad39f39a65b666246a4596b4070883a9 -> 
  custom:scripting/monoscript/fileName/VG_EC_Mouse.cs: 6fcba31255e6c2e01b4934e5af22f389 -> 
  custom:audio-encoder-webm-vorbis: bf7c407c2cedff20999df2af8eb42d56 -> 
  custom:scripting/monoscript/fileName/MetalImpact.cs: 9dbb071311a9f1fc0586ec2293701474 -> 
  custom:scripting/monoscript/fileName/VG_EC_UnityXRHands.cs: 4fb2ad031354bb47c2a34f754212333d -> 
========================================================================
Received Prepare
Begin MonoManager ReloadAssembly
- Loaded All Assemblies, in  0.398 seconds
Refreshing native plugins compatible for Editor in 4.28 ms, found 3 plugins.
Native extension for WindowsStandalone target not found
Native extension for Android target not found
Native extension for WebGL target not found
Mono: successfully reloaded assembly
- Finished resetting the current domain, in  0.955 seconds
Domain Reload Profiling: 1347ms
	BeginReloadAssembly (133ms)
		ExecutionOrderSort (0ms)
		DisableScriptedObjects (4ms)
		BackupInstance (0ms)
		ReleaseScriptingObjects (0ms)
		CreateAndSetChildDomain (28ms)
	RebuildCommonClasses (28ms)
	RebuildNativeTypeToScriptingClass (8ms)
	initialDomainReloadingComplete (28ms)
	LoadAllAssembliesAndSetupDomain (195ms)
		LoadAssemblies (257ms)
		RebuildTransferFunctionScriptingTraits (0ms)
		AnalyzeDomain (12ms)
			TypeCache.Refresh (6ms)
				TypeCache.ScanAssembly (0ms)
			ScanForSourceGeneratedMonoScriptInfo (0ms)
			ResolveRequiredComponents (4ms)
	FinalizeReload (955ms)
		ReleaseScriptCaches (0ms)
		RebuildScriptCaches (0ms)
		SetupLoadedEditorAssemblies (382ms)
			LogAssemblyErrors (0ms)
			InitializePlatformSupportModulesInManaged (30ms)
			SetLoadedEditorAssemblies (3ms)
			RefreshPlugins (0ms)
			BeforeProcessingInitializeOnLoad (66ms)
			ProcessInitializeOnLoadAttributes (255ms)
			ProcessInitializeOnLoadMethodAttributes (22ms)
			AfterProcessingInitializeOnLoad (7ms)
			EditorAssembliesLoaded (0ms)
		ExecutionOrderSort2 (0ms)
		AwakeInstancesAfterBackupRestoration (7ms)
Refreshing native plugins compatible for Editor in 6.76 ms, found 3 plugins.
Preloading 0 native plugins for Editor in 0.00 ms.
Unloading 3139 Unused Serialized files (Serialized files now loaded: 0)
Unloading 25 unused Assets / (31.6 KB). Loaded Objects now: 3643.
Memory consumption went from 204.6 MB to 204.6 MB.
Total: 4.312900 ms (FindLiveObjects: 0.279100 ms CreateObjectMapping: 0.105800 ms MarkObjects: 3.821000 ms  DeleteObjects: 0.105200 ms)

Prepare: number of updated asset objects reloaded= 0
AssetImportParameters requested are different than current active one (requested -> active):
  custom:scripting/monoscript/fileName/ToggleLight.cs: 9e042735f9e5ac6703b236982b4c5f42 -> 
  custom:scripting/monoscript/fileName/VG_GraspEditor.cs: 1e18fc9b48656144758bd4817cbe067a -> 
  custom:container-demuxer-ogg: 62fdf1f143b41e24485cea50d1cbac27 -> 
  custom:scripting/monoscript/fileName/VG_EC_Leap.cs: 894da197a6b5d78872c91d5491367677 -> 
  custom:scripting/monoscript/fileName/VG_XRI_Entries.cs: 854d204cdfdf77c074f877c2b30478b0 -> 
  custom:scripting/monoscript/fileName/VG_EC_OVR.cs: 18f8bdec0324d78b69a69d5f34074178 -> 
  custom:video-codec-MediaFoundation-h265: 746d11721c4dcdbdad8f713fa42b33f4 -> 
  custom:scripting/monoscript/fileName/SimpleImpact.cs: 86fb711a3287211171ca3019744d5bf3 -> 
  custom:scripting/monoscript/fileName/VG_Recorder.cs: b3a04e14f2e53600c7c359c58e1efad0 -> 
  custom:scripting/monoscript/fileName/VG_Assemble.cs: 63a0cfc10b799e003d85c2f5de349c37 -> 
  custom:scripting/monoscript/fileName/VG_EC_Manus.cs: e22d72aba6fdd0dc30f64de9016deb79 -> 
  custom:video-decoder-ogg-theora: a1e56fd34408186e4bbccfd4996cb3dc -> 
  custom:scripting/monoscript/fileName/VG_Utility.cs: 7a65140fa5c069a5435ec871d1f7cff4 -> 
  custom:scripting/monoscript/fileName/VG_HandStatusDebugger.cs: 96d816212265c4ed786ffddcea8d6dee -> 
  custom:framework-win-MediaFoundation: 216162199b28c13a410421893ffa2e32 -> 
  custom:scripting/monoscript/fileName/VG_EC_Steam.cs: 5bac5c6e8014b2e81b6d5cabd713151b -> 
  custom:scripting/monoscript/fileName/VG_HintVisualizer.cs: 2ce86bb7e562736354e57e2c2d2e152f -> 
  custom:CustomObjectIndexerAttribute: 9a22284fe3817be447336de3de66b15e -> 
  custom:scripting/monoscript/fileName/ManageContainerObject.cs: 3474fe779362ef3c3751ac744d9a3709 -> 
  custom:container-demuxer-webm: 4f35f7cbe854078d1ac9338744f61a02 -> 
  custom:scripting/monoscript/fileName/VG_InteractionEngineTests.cs: ccbc2270df79caae56b25d2b01b1e56c -> 
  custom:scripting/monoscript/fileName/VG_RunTimeRegister.cs: e0cf28234555144eda222153207ee6b8 -> 
  custom:container-muxer-webm: aa71ff27fc2769a1b78a27578f13a17b -> 
  custom:scripting/monoscript/fileName/ChangeSelectionWeight.cs: ae9b03154775aa63df30aa941cc9a3c2 -> 
  custom:scripting/monoscript/fileName/VG_Highlighter.cs: 523fc587334d88232431f5124952dfab -> 
  custom:video-decoder-webm-vp8: 9c59270c3fd7afecdb556c50c9e8de78 -> 
  custom:scripting/monoscript/fileName/VG_ObjectAnimator.cs: 41fe22f153f80ae16e759133670734cf -> 
  custom:scripting/monoscript/fileName/VG_EC_Generic.cs: 62db95cf1751261d596fe4412d3f0cf8 -> 
  custom:SearchIndexIgnoredProperties: e643bd26f0fe6173181afceb89e7c659 -> 
  custom:AudioImporter_EditorPlatform: d09bf68614088b80899f8185d706f6e7 -> 
  custom:scripting/monoscript/fileName/SoundOnPushEvents.cs: 8f770092c0eb9f1044120154fc1eee16 -> 
  custom:scripting/monoscript/fileName/VG_Build.cs: 76852263859c12eae4580f9c71512b4d -> 
  custom:scripting/monoscript/fileName/AssembleArticulationBody.cs: 1b6899ae194e136926f25366772d690e -> 
  custom:scripting/monoscript/fileName/RuntimeInputTesting.cs: 7229228adf59dfeee67d67ccd6589d5b -> 
  custom:scripting/monoscript/fileName/VG_EC_Oculus.cs: 44e1d7d40b8958aa522fc0782a763416 -> 
  custom:scripting/monoscript/fileName/VG_EC_Script.cs: 4b36a900efa5caf21f6ae8e8ebf67568 -> 
  custom:video-encoder-webm-vp8: eb34c28f22e8b96e1ab97ce403110664 -> 
  custom:scripting/monoscript/fileName/FixParentOnObjectGrasped.cs: 0c9ddafabe6a48c2b126a07bb51ae89f -> 
  custom:scripting/monoscript/fileName/MyVirtualGrasp.cs: e5499c0904625f4d94e4c3d43e584882 -> 
  custom:audio-decoder-ogg-vorbis: bf7c407c2cedff20999df2af8eb42d56 -> 
  custom:scripting/monoscript/fileName/VG_BaseTests.cs: 5957927458aa32414bd2549d73cb54b3 -> 
  custom:scripting/monoscript/fileName/VG_EC_UnityXRInteraction.cs: a05647613d5277314afecd448677f18b -> 
  custom:scripting/monoscript/fileName/TestChangeObjectJointPlanar.cs: 9ce06e5ab9e772c77e4c3586f7c8f030 -> 
  custom:scripting/monoscript/fileName/SoundOnGraspEvents.cs: 271c20d2157293aa61846d660fae6a6c -> 
  custom:scripting/monoscript/fileName/VG_AnimationDriver.cs: a0abc1d21d4a6d94de42a08d2ab612b0 -> 
  custom:scripting/monoscript/fileName/VG_Locomotion.cs: 9ff3799e56c49f352732400659cca89f -> 
  custom:scripting/monoscript/fileName/VG_EC_UnityXR.cs: aa1ca8f58117589204852eb5f1d958e1 -> 
  custom:scripting/monoscript/fileName/VG_HandVisualizer.cs: f1312dca29b513306b9e7ef2b301d319 -> 
  custom:scripting/monoscript/fileName/VG_TestHelpers.cs: ad39f39a65b666246a4596b4070883a9 -> 
  custom:scripting/monoscript/fileName/VG_EC_Mouse.cs: 6fcba31255e6c2e01b4934e5af22f389 -> 
  custom:audio-encoder-webm-vorbis: bf7c407c2cedff20999df2af8eb42d56 -> 
  custom:scripting/monoscript/fileName/MetalImpact.cs: 9dbb071311a9f1fc0586ec2293701474 -> 
  custom:scripting/monoscript/fileName/VG_EC_UnityXRHands.cs: 4fb2ad031354bb47c2a34f754212333d -> 
