Using pre-set license
Built from '2022.3/staging' branch; Version is '2022.3.33f1 (b2c853adf198) revision 11716691'; Using compiler version '192829333'; Build Type 'Release'
OS: 'Windows 11  (10.0.26100) 64bit CoreCountrySpecific' Language: 'zh' Physical Memory: 32461 MB
BatchMode: 1, IsHumanControllingUs: 0, StartBugReporterOnCrash: 0, Is64bit: 1, IsPro: 1

COMMAND LINE ARGUMENTS:
C:\Program Files\Unity\Hub\Editor\2022.3.33f1\Editor\Unity.exe
-adb2
-batchMode
-noUpm
-name
AssetImportWorker0
-projectPath
C:/Users/cheng/HandTracking
-logFile
Logs/AssetImportWorker0.log
-srvPort
64373
Successfully changed project path to: C:/Users/cheng/HandTracking
C:/Users/cheng/HandTracking
[UnityMemory] Configuration Parameters - Can be set up in boot.config
    "memorysetup-bucket-allocator-granularity=16"
    "memorysetup-bucket-allocator-bucket-count=8"
    "memorysetup-bucket-allocator-block-size=33554432"
    "memorysetup-bucket-allocator-block-count=8"
    "memorysetup-main-allocator-block-size=16777216"
    "memorysetup-thread-allocator-block-size=16777216"
    "memorysetup-gfx-main-allocator-block-size=16777216"
    "memorysetup-gfx-thread-allocator-block-size=16777216"
    "memorysetup-cache-allocator-block-size=4194304"
    "memorysetup-typetree-allocator-block-size=2097152"
    "memorysetup-profiler-bucket-allocator-granularity=16"
    "memorysetup-profiler-bucket-allocator-bucket-count=8"
    "memorysetup-profiler-bucket-allocator-block-size=33554432"
    "memorysetup-profiler-bucket-allocator-block-count=8"
    "memorysetup-profiler-allocator-block-size=16777216"
    "memorysetup-profiler-editor-allocator-block-size=1048576"
    "memorysetup-temp-allocator-size-main=16777216"
    "memorysetup-job-temp-allocator-block-size=2097152"
    "memorysetup-job-temp-allocator-block-size-background=1048576"
    "memorysetup-job-temp-allocator-reduction-small-platforms=262144"
    "memorysetup-allocator-temp-initial-block-size-main=262144"
    "memorysetup-allocator-temp-initial-block-size-worker=262144"
    "memorysetup-temp-allocator-size-background-worker=32768"
    "memorysetup-temp-allocator-size-job-worker=262144"
    "memorysetup-temp-allocator-size-preload-manager=33554432"
    "memorysetup-temp-allocator-size-nav-mesh-worker=65536"
    "memorysetup-temp-allocator-size-audio-worker=65536"
    "memorysetup-temp-allocator-size-cloud-worker=32768"
    "memorysetup-temp-allocator-size-gi-baking-worker=262144"
    "memorysetup-temp-allocator-size-gfx=262144"
Player connection [32452] Host "[IP] 26.26.26.1 [Port] 0 [Flags] 2 [Guid] 3720634123 [EditorId] 3720634123 [Version] 1048832 [Id] WindowsEditor(7,比克大魔王) [Debug] 1 [PackageName] WindowsEditor [ProjectName] Editor" joined multi-casting on [225.0.0.222:54997]...

Player connection [32452] Host "[IP] 26.26.26.1 [Port] 0 [Flags] 2 [Guid] 3720634123 [EditorId] 3720634123 [Version] 1048832 [Id] WindowsEditor(7,比克大魔王) [Debug] 1 [PackageName] WindowsEditor [ProjectName] Editor" joined alternative multi-casting on [225.0.0.222:34997]...

[PhysX] Initialized MultithreadedTaskDispatcher with 32 workers.
Refreshing native plugins compatible for Editor in 7.32 ms, found 3 plugins.
Preloading 0 native plugins for Editor in 0.00 ms.
Initialize engine version: 2022.3.33f1 (b2c853adf198)
[Subsystems] Discovering subsystems at path C:/Program Files/Unity/Hub/Editor/2022.3.33f1/Editor/Data/Resources/UnitySubsystems
[Subsystems] Discovering subsystems at path C:/Users/cheng/HandTracking/Assets
GfxDevice: creating device client; threaded=0; jobified=0
Direct3D:
    Version:  Direct3D 11.0 [level 11.1]
    Renderer: NVIDIA GeForce RTX 4060 Laptop GPU (ID=0x28e0)
    Vendor:   NVIDIA
    VRAM:     7957 MB
    Driver:   32.0.15.7649
Initialize mono
Mono path[0] = 'C:/Program Files/Unity/Hub/Editor/2022.3.33f1/Editor/Data/Managed'
Mono path[1] = 'C:/Program Files/Unity/Hub/Editor/2022.3.33f1/Editor/Data/MonoBleedingEdge/lib/mono/unityjit-win32'
Mono config path = 'C:/Program Files/Unity/Hub/Editor/2022.3.33f1/Editor/Data/MonoBleedingEdge/etc'
Using monoOptions --debugger-agent=transport=dt_socket,embedding=1,server=y,suspend=n,address=127.0.0.1:56104
Begin MonoManager ReloadAssembly
Registering precompiled unity dll's ...
Register platform support module: C:/Program Files/Unity/Hub/Editor/2022.3.33f1/Editor/Data/PlaybackEngines/WebGLSupport/UnityEditor.WebGL.Extensions.dll
Register platform support module: C:/Program Files/Unity/Hub/Editor/2022.3.33f1/Editor/Data/PlaybackEngines/AndroidPlayer/UnityEditor.Android.Extensions.dll
Register platform support module: C:/Program Files/Unity/Hub/Editor/2022.3.33f1/Editor/Data/PlaybackEngines/WindowsStandaloneSupport/UnityEditor.WindowsStandalone.Extensions.dll
Registered in 0.009895 seconds.
- Loaded All Assemblies, in  0.287 seconds
Native extension for WindowsStandalone target not found
Native extension for Android target not found
Android Extension - Scanning For ADB Devices 234 ms
Native extension for WebGL target not found
Mono: successfully reloaded assembly
- Finished resetting the current domain, in  0.490 seconds
Domain Reload Profiling: 776ms
	BeginReloadAssembly (83ms)
		ExecutionOrderSort (0ms)
		DisableScriptedObjects (0ms)
		BackupInstance (0ms)
		ReleaseScriptingObjects (0ms)
		CreateAndSetChildDomain (1ms)
	RebuildCommonClasses (24ms)
	RebuildNativeTypeToScriptingClass (9ms)
	initialDomainReloadingComplete (52ms)
	LoadAllAssembliesAndSetupDomain (118ms)
		LoadAssemblies (82ms)
		RebuildTransferFunctionScriptingTraits (0ms)
		AnalyzeDomain (115ms)
			TypeCache.Refresh (114ms)
				TypeCache.ScanAssembly (103ms)
			ScanForSourceGeneratedMonoScriptInfo (0ms)
			ResolveRequiredComponents (0ms)
	FinalizeReload (490ms)
		ReleaseScriptCaches (0ms)
		RebuildScriptCaches (0ms)
		SetupLoadedEditorAssemblies (445ms)
			LogAssemblyErrors (0ms)
			InitializePlatformSupportModulesInManaged (323ms)
			SetLoadedEditorAssemblies (3ms)
			RefreshPlugins (0ms)
			BeforeProcessingInitializeOnLoad (2ms)
			ProcessInitializeOnLoadAttributes (83ms)
			ProcessInitializeOnLoadMethodAttributes (34ms)
			AfterProcessingInitializeOnLoad (0ms)
			EditorAssembliesLoaded (0ms)
		ExecutionOrderSort2 (0ms)
		AwakeInstancesAfterBackupRestoration (0ms)
========================================================================
Worker process is ready to serve import requests
Begin MonoManager ReloadAssembly
- Loaded All Assemblies, in  0.490 seconds
Refreshing native plugins compatible for Editor in 4.03 ms, found 3 plugins.
Native extension for WindowsStandalone target not found
Native extension for Android target not found
Native extension for WebGL target not found
Mono: successfully reloaded assembly
- Finished resetting the current domain, in  0.441 seconds
Domain Reload Profiling: 930ms
	BeginReloadAssembly (111ms)
		ExecutionOrderSort (0ms)
		DisableScriptedObjects (4ms)
		BackupInstance (0ms)
		ReleaseScriptingObjects (0ms)
		CreateAndSetChildDomain (16ms)
	RebuildCommonClasses (27ms)
	RebuildNativeTypeToScriptingClass (7ms)
	initialDomainReloadingComplete (36ms)
	LoadAllAssembliesAndSetupDomain (306ms)
		LoadAssemblies (228ms)
		RebuildTransferFunctionScriptingTraits (0ms)
		AnalyzeDomain (143ms)
			TypeCache.Refresh (126ms)
				TypeCache.ScanAssembly (112ms)
			ScanForSourceGeneratedMonoScriptInfo (12ms)
			ResolveRequiredComponents (3ms)
	FinalizeReload (442ms)
		ReleaseScriptCaches (0ms)
		RebuildScriptCaches (0ms)
		SetupLoadedEditorAssemblies (324ms)
			LogAssemblyErrors (0ms)
			InitializePlatformSupportModulesInManaged (22ms)
			SetLoadedEditorAssemblies (2ms)
			RefreshPlugins (0ms)
			BeforeProcessingInitializeOnLoad (46ms)
			ProcessInitializeOnLoadAttributes (232ms)
			ProcessInitializeOnLoadMethodAttributes (16ms)
			AfterProcessingInitializeOnLoad (6ms)
			EditorAssembliesLoaded (0ms)
		ExecutionOrderSort2 (0ms)
		AwakeInstancesAfterBackupRestoration (6ms)
Launched and connected shader compiler UnityShaderCompiler.exe after 0.07 seconds
Refreshing native plugins compatible for Editor in 6.60 ms, found 3 plugins.
Preloading 0 native plugins for Editor in 0.00 ms.
Unloading 3146 Unused Serialized files (Serialized files now loaded: 0)
Unloading 34 unused Assets / (57.6 KB). Loaded Objects now: 3612.
Memory consumption went from 203.8 MB to 203.7 MB.
Total: 3.468600 ms (FindLiveObjects: 0.214700 ms CreateObjectMapping: 0.064200 ms MarkObjects: 3.097000 ms  DeleteObjects: 0.091200 ms)

AssetImportParameters requested are different than current active one (requested -> active):
  custom:container-demuxer-ogg: 62fdf1f143b41e24485cea50d1cbac27 -> 
  custom:video-codec-MediaFoundation-h265: 746d11721c4dcdbdad8f713fa42b33f4 -> 
  custom:video-decoder-ogg-theora: a1e56fd34408186e4bbccfd4996cb3dc -> 
  custom:framework-win-MediaFoundation: 216162199b28c13a410421893ffa2e32 -> 
  custom:CustomObjectIndexerAttribute: 9a22284fe3817be447336de3de66b15e -> 
  custom:container-demuxer-webm: 4f35f7cbe854078d1ac9338744f61a02 -> 
  custom:container-muxer-webm: aa71ff27fc2769a1b78a27578f13a17b -> 
  custom:video-decoder-webm-vp8: 9c59270c3fd7afecdb556c50c9e8de78 -> 
  custom:SearchIndexIgnoredProperties: e643bd26f0fe6173181afceb89e7c659 -> 
  custom:AudioImporter_EditorPlatform: d09bf68614088b80899f8185d706f6e7 -> 
  custom:video-encoder-webm-vp8: eb34c28f22e8b96e1ab97ce403110664 -> 
  custom:audio-decoder-ogg-vorbis: bf7c407c2cedff20999df2af8eb42d56 -> 
  custom:audio-encoder-webm-vorbis: bf7c407c2cedff20999df2af8eb42d56 -> 
========================================================================
Received Prepare
Begin MonoManager ReloadAssembly
- Loaded All Assemblies, in  0.421 seconds
Refreshing native plugins compatible for Editor in 3.14 ms, found 4 plugins.
Native extension for WindowsStandalone target not found
Native extension for Android target not found
Native extension for WebGL target not found
Mono: successfully reloaded assembly
- Finished resetting the current domain, in  0.710 seconds
Domain Reload Profiling: 1128ms
	BeginReloadAssembly (119ms)
		ExecutionOrderSort (0ms)
		DisableScriptedObjects (4ms)
		BackupInstance (0ms)
		ReleaseScriptingObjects (0ms)
		CreateAndSetChildDomain (24ms)
	RebuildCommonClasses (23ms)
	RebuildNativeTypeToScriptingClass (8ms)
	initialDomainReloadingComplete (24ms)
	LoadAllAssembliesAndSetupDomain (243ms)
		LoadAssemblies (249ms)
		RebuildTransferFunctionScriptingTraits (0ms)
		AnalyzeDomain (60ms)
			TypeCache.Refresh (45ms)
				TypeCache.ScanAssembly (37ms)
			ScanForSourceGeneratedMonoScriptInfo (8ms)
			ResolveRequiredComponents (4ms)
	FinalizeReload (710ms)
		ReleaseScriptCaches (0ms)
		RebuildScriptCaches (0ms)
		SetupLoadedEditorAssemblies (325ms)
			LogAssemblyErrors (0ms)
			InitializePlatformSupportModulesInManaged (20ms)
			SetLoadedEditorAssemblies (4ms)
			RefreshPlugins (0ms)
			BeforeProcessingInitializeOnLoad (48ms)
			ProcessInitializeOnLoadAttributes (229ms)
			ProcessInitializeOnLoadMethodAttributes (19ms)
			AfterProcessingInitializeOnLoad (6ms)
			EditorAssembliesLoaded (0ms)
		ExecutionOrderSort2 (0ms)
		AwakeInstancesAfterBackupRestoration (6ms)
Refreshing native plugins compatible for Editor in 4.95 ms, found 4 plugins.
Preloading 0 native plugins for Editor in 0.00 ms.
Unloading 3193 Unused Serialized files (Serialized files now loaded: 0)
Unloading 37 unused Assets / (0.5 MB). Loaded Objects now: 3681.
Memory consumption went from 206.0 MB to 205.5 MB.
Total: 4.759700 ms (FindLiveObjects: 0.329300 ms CreateObjectMapping: 0.106900 ms MarkObjects: 3.880800 ms  DeleteObjects: 0.441400 ms)

Prepare: number of updated asset objects reloaded= 0
AssetImportParameters requested are different than current active one (requested -> active):
  custom:container-demuxer-ogg: 62fdf1f143b41e24485cea50d1cbac27 -> 
  custom:video-codec-MediaFoundation-h265: 746d11721c4dcdbdad8f713fa42b33f4 -> 
  custom:video-decoder-ogg-theora: a1e56fd34408186e4bbccfd4996cb3dc -> 
  custom:framework-win-MediaFoundation: 216162199b28c13a410421893ffa2e32 -> 
  custom:CustomObjectIndexerAttribute: 9a22284fe3817be447336de3de66b15e -> 
  custom:container-demuxer-webm: 4f35f7cbe854078d1ac9338744f61a02 -> 
  custom:container-muxer-webm: aa71ff27fc2769a1b78a27578f13a17b -> 
  custom:video-decoder-webm-vp8: 9c59270c3fd7afecdb556c50c9e8de78 -> 
  custom:SearchIndexIgnoredProperties: e643bd26f0fe6173181afceb89e7c659 -> 
  custom:AudioImporter_EditorPlatform: d09bf68614088b80899f8185d706f6e7 -> 
  custom:video-encoder-webm-vp8: eb34c28f22e8b96e1ab97ce403110664 -> 
  custom:audio-decoder-ogg-vorbis: bf7c407c2cedff20999df2af8eb42d56 -> 
  custom:audio-encoder-webm-vorbis: bf7c407c2cedff20999df2af8eb42d56 -> 
========================================================================
Received Import Request.
  Time since last request: 13556.573235 seconds.
  path: Assets/com.gleechi.unity.virtualgrasp/Runtime/Resources/GleechiHands/GleechiLeftHand.fbx
  artifactKey: Guid(c86ac00f5c89bec42ab0a71ff1d250ff) Importer(815301076,1909f56bfc062723c751e8b465ee728b)
Start importing Assets/com.gleechi.unity.virtualgrasp/Runtime/Resources/GleechiHands/GleechiLeftHand.fbx using Guid(c86ac00f5c89bec42ab0a71ff1d250ff) Importer(815301076,1909f56bfc062723c751e8b465ee728b) [PhysX] Initialized MultithreadedTaskDispatcher with 32 workers.
[PhysX] Initialized MultithreadedTaskDispatcher with 32 workers.
[PhysX] Initialized MultithreadedTaskDispatcher with 32 workers.
[PhysX] Initialized MultithreadedTaskDispatcher with 32 workers.
[PhysX] Initialized MultithreadedTaskDispatcher with 32 workers.
 -> (artifact id: '4604bf8264b6bae3dcce0e694e80813e') in 0.112381 seconds
Number of updated asset objects reloaded before import = 0
Number of asset objects unloaded after import = 61
========================================================================
Received Import Request.
  Time since last request: 0.000017 seconds.
  path: Assets/com.gleechi.unity.virtualgrasp/Runtime/Resources/GleechiHands/M_GleechiHands.mat
  artifactKey: Guid(d105e9befa49bec4e9ef34108ea32caa) Importer(815301076,1909f56bfc062723c751e8b465ee728b)
Start importing Assets/com.gleechi.unity.virtualgrasp/Runtime/Resources/GleechiHands/M_GleechiHands.mat using Guid(d105e9befa49bec4e9ef34108ea32caa) Importer(815301076,1909f56bfc062723c751e8b465ee728b) [PhysX] Initialized MultithreadedTaskDispatcher with 32 workers.
[PhysX] Initialized MultithreadedTaskDispatcher with 32 workers.
 -> (artifact id: '2229f000c16dd86b19fc240141f6814c') in 0.016477 seconds
Number of updated asset objects reloaded before import = 0
Number of asset objects unloaded after import = 2
========================================================================
Received Import Request.
  Time since last request: 87.570777 seconds.
  path: Assets/com.gleechi.unity.virtualgrasp/Runtime/Resources/Prefabs/SensorAndReplayAvatars.prefab
  artifactKey: Guid(6ffe5c22c41287d4bbede58c85e24ffc) Importer(815301076,1909f56bfc062723c751e8b465ee728b)
Start importing Assets/com.gleechi.unity.virtualgrasp/Runtime/Resources/Prefabs/SensorAndReplayAvatars.prefab using Guid(6ffe5c22c41287d4bbede58c85e24ffc) Importer(815301076,1909f56bfc062723c751e8b465ee728b) [PhysX] Initialized MultithreadedTaskDispatcher with 32 workers.
 -> (artifact id: 'f50c536595f90f365e164fd010a0760e') in 0.000687 seconds
Number of updated asset objects reloaded before import = 0
Number of asset objects unloaded after import = 0
========================================================================
Received Import Request.
  Time since last request: 0.000999 seconds.
  path: Assets/com.gleechi.unity.virtualgrasp/Runtime/Resources/Prefabs/SensorAvatar.prefab
  artifactKey: Guid(64950f8cab4aa004492a49d4dafcc8fb) Importer(815301076,1909f56bfc062723c751e8b465ee728b)
Start importing Assets/com.gleechi.unity.virtualgrasp/Runtime/Resources/Prefabs/SensorAvatar.prefab using Guid(64950f8cab4aa004492a49d4dafcc8fb) Importer(815301076,1909f56bfc062723c751e8b465ee728b) [PhysX] Initialized MultithreadedTaskDispatcher with 32 workers.
 -> (artifact id: '72671b442a0d12285b9bfcc86ddb4111') in 0.000385 seconds
Number of updated asset objects reloaded before import = 0
Number of asset objects unloaded after import = 0
========================================================================
Received Import Request.
  Time since last request: 0.000626 seconds.
  path: Assets/com.gleechi.unity.virtualgrasp/Runtime/Resources/Prefabs/SeparateHandsSensorAndReplayAvatars.prefab
  artifactKey: Guid(8a1b796008f4590449970c03437bb33e) Importer(815301076,1909f56bfc062723c751e8b465ee728b)
Start importing Assets/com.gleechi.unity.virtualgrasp/Runtime/Resources/Prefabs/SeparateHandsSensorAndReplayAvatars.prefab using Guid(8a1b796008f4590449970c03437bb33e) Importer(815301076,1909f56bfc062723c751e8b465ee728b) [PhysX] Initialized MultithreadedTaskDispatcher with 32 workers.
 -> (artifact id: 'c4c07d01dd675b5b1fc1605d821b6031') in 0.000367 seconds
Number of updated asset objects reloaded before import = 0
Number of asset objects unloaded after import = 0
========================================================================
Received Import Request.
  Time since last request: 0.000338 seconds.
  path: Assets/com.gleechi.unity.virtualgrasp/Runtime/Resources/Prefabs/SeparateHandsSensorAvatar.prefab
  artifactKey: Guid(54ccd168a067e1f4ea3eab9bd6b8cdea) Importer(815301076,1909f56bfc062723c751e8b465ee728b)
Start importing Assets/com.gleechi.unity.virtualgrasp/Runtime/Resources/Prefabs/SeparateHandsSensorAvatar.prefab using Guid(54ccd168a067e1f4ea3eab9bd6b8cdea) Importer(815301076,1909f56bfc062723c751e8b465ee728b) [PhysX] Initialized MultithreadedTaskDispatcher with 32 workers.
 -> (artifact id: '0d060fee546cd62bb669012789241483') in 0.000317 seconds
Number of updated asset objects reloaded before import = 0
Number of asset objects unloaded after import = 0
========================================================================
Received Import Request.
  Time since last request: 24.992391 seconds.
  path: Assets/com.gleechi.unity.virtualgrasp/Samples/Onboarding/Data/vg-grasps-onboarding.db
  artifactKey: Guid(50f8c0450e7f4454499854b5e4856ca9) Importer(815301076,1909f56bfc062723c751e8b465ee728b)
Start importing Assets/com.gleechi.unity.virtualgrasp/Samples/Onboarding/Data/vg-grasps-onboarding.db using Guid(50f8c0450e7f4454499854b5e4856ca9) Importer(815301076,1909f56bfc062723c751e8b465ee728b) [PhysX] Initialized MultithreadedTaskDispatcher with 32 workers.
 -> (artifact id: '3ef522a35add3b724aeac632568ba2b1') in 0.002734 seconds
Number of updated asset objects reloaded before import = 0
Number of asset objects unloaded after import = 1
========================================================================
Received Import Request.
  Time since last request: 0.742975 seconds.
  path: Assets/com.gleechi.unity.virtualgrasp/Samples/Onboarding/Materials/M_Gleechi_AlphaBlend.mat
  artifactKey: Guid(70a558c09b9cf8446a4b808b10075192) Importer(815301076,1909f56bfc062723c751e8b465ee728b)
Start importing Assets/com.gleechi.unity.virtualgrasp/Samples/Onboarding/Materials/M_Gleechi_AlphaBlend.mat using Guid(70a558c09b9cf8446a4b808b10075192) Importer(815301076,1909f56bfc062723c751e8b465ee728b) [PhysX] Initialized MultithreadedTaskDispatcher with 32 workers.
[PhysX] Initialized MultithreadedTaskDispatcher with 32 workers.
 -> (artifact id: '668b3abab7c3833e6badeea45e0e6158') in 0.032684 seconds
Number of updated asset objects reloaded before import = 0
Number of asset objects unloaded after import = 3
========================================================================
Received Import Request.
  Time since last request: 0.000022 seconds.
  path: Assets/com.gleechi.unity.virtualgrasp/Samples/Onboarding/Materials/M_Gleechi_factoryB.mat
  artifactKey: Guid(9c1411341be3b5e4facd8938bc9b64ab) Importer(815301076,1909f56bfc062723c751e8b465ee728b)
Start importing Assets/com.gleechi.unity.virtualgrasp/Samples/Onboarding/Materials/M_Gleechi_factoryB.mat using Guid(9c1411341be3b5e4facd8938bc9b64ab) Importer(815301076,1909f56bfc062723c751e8b465ee728b) [PhysX] Initialized MultithreadedTaskDispatcher with 32 workers.
[PhysX] Initialized MultithreadedTaskDispatcher with 32 workers.
 -> (artifact id: '899f1f3d90369c2e99c7f67c8db1f666') in 0.022927 seconds
Number of updated asset objects reloaded before import = 0
Number of asset objects unloaded after import = 3
========================================================================
Received Import Request.
  Time since last request: 0.000016 seconds.
  path: Assets/com.gleechi.unity.virtualgrasp/Samples/Onboarding/Materials/M_Gleechi_Metal.mat
  artifactKey: Guid(b3ddd2d76f53b364d9264fbc460bf2e7) Importer(815301076,1909f56bfc062723c751e8b465ee728b)
Start importing Assets/com.gleechi.unity.virtualgrasp/Samples/Onboarding/Materials/M_Gleechi_Metal.mat using Guid(b3ddd2d76f53b364d9264fbc460bf2e7) Importer(815301076,1909f56bfc062723c751e8b465ee728b) [PhysX] Initialized MultithreadedTaskDispatcher with 32 workers.
[PhysX] Initialized MultithreadedTaskDispatcher with 32 workers.
 -> (artifact id: '9886c61d3a127efece582d501b2197c4') in 0.021428 seconds
Number of updated asset objects reloaded before import = 0
Number of asset objects unloaded after import = 4
========================================================================
Received Import Request.
  Time since last request: 0.000017 seconds.
  path: Assets/com.gleechi.unity.virtualgrasp/Samples/Onboarding/Materials/M_Gleechi_Glass.mat
  artifactKey: Guid(1730630e933bb314a9416c4731c34f04) Importer(815301076,1909f56bfc062723c751e8b465ee728b)
Start importing Assets/com.gleechi.unity.virtualgrasp/Samples/Onboarding/Materials/M_Gleechi_Glass.mat using Guid(1730630e933bb314a9416c4731c34f04) Importer(815301076,1909f56bfc062723c751e8b465ee728b) [PhysX] Initialized MultithreadedTaskDispatcher with 32 workers.
[PhysX] Initialized MultithreadedTaskDispatcher with 32 workers.
 -> (artifact id: '8720d85496afad568d0f35c97adcfe3b') in 0.019849 seconds
Number of updated asset objects reloaded before import = 0
Number of asset objects unloaded after import = 4
========================================================================
Received Import Request.
  Time since last request: 2.420617 seconds.
  path: Assets/com.gleechi.unity.virtualgrasp/Samples/Onboarding/Meshes/SM_Chain.fbx
  artifactKey: Guid(b8f6f04eab33c7d418fa2c204a64e647) Importer(815301076,1909f56bfc062723c751e8b465ee728b)
Start importing Assets/com.gleechi.unity.virtualgrasp/Samples/Onboarding/Meshes/SM_Chain.fbx using Guid(b8f6f04eab33c7d418fa2c204a64e647) Importer(815301076,1909f56bfc062723c751e8b465ee728b) [PhysX] Initialized MultithreadedTaskDispatcher with 32 workers.
[PhysX] Initialized MultithreadedTaskDispatcher with 32 workers.
[PhysX] Initialized MultithreadedTaskDispatcher with 32 workers.
 -> (artifact id: '8cb67be8e134a37ea3df322a19d7657e') in 0.026575 seconds
Number of updated asset objects reloaded before import = 0
Number of asset objects unloaded after import = 11
========================================================================
Received Import Request.
  Time since last request: 0.000018 seconds.
  path: Assets/com.gleechi.unity.virtualgrasp/Samples/Onboarding/Meshes/SM_radio.fbx
  artifactKey: Guid(8fc52eaa9ff1ec7448f29d37d4c5b187) Importer(815301076,1909f56bfc062723c751e8b465ee728b)
Start importing Assets/com.gleechi.unity.virtualgrasp/Samples/Onboarding/Meshes/SM_radio.fbx using Guid(8fc52eaa9ff1ec7448f29d37d4c5b187) Importer(815301076,1909f56bfc062723c751e8b465ee728b) [PhysX] Initialized MultithreadedTaskDispatcher with 32 workers.
[PhysX] Initialized MultithreadedTaskDispatcher with 32 workers.
[PhysX] Initialized MultithreadedTaskDispatcher with 32 workers.
[PhysX] Initialized MultithreadedTaskDispatcher with 32 workers.
[PhysX] Initialized MultithreadedTaskDispatcher with 32 workers.
[PhysX] Initialized MultithreadedTaskDispatcher with 32 workers.
[PhysX] Initialized MultithreadedTaskDispatcher with 32 workers.
[PhysX] Initialized MultithreadedTaskDispatcher with 32 workers.
[PhysX] Initialized MultithreadedTaskDispatcher with 32 workers.
[PhysX] Initialized MultithreadedTaskDispatcher with 32 workers.
[PhysX] Initialized MultithreadedTaskDispatcher with 32 workers.
[PhysX] Initialized MultithreadedTaskDispatcher with 32 workers.
[PhysX] Initialized MultithreadedTaskDispatcher with 32 workers.
[PhysX] Initialized MultithreadedTaskDispatcher with 32 workers.
[PhysX] Initialized MultithreadedTaskDispatcher with 32 workers.
[PhysX] Initialized MultithreadedTaskDispatcher with 32 workers.
 -> (artifact id: '7a4f2257869f296196ecaa0d110423c2') in 0.068648 seconds
Number of updated asset objects reloaded before import = 0
Number of asset objects unloaded after import = 39
========================================================================
Received Import Request.
  Time since last request: 0.000027 seconds.
  path: Assets/com.gleechi.unity.virtualgrasp/Samples/Onboarding/Meshes/SM_PrimitiveShapes.fbx
  artifactKey: Guid(b9df57573967a5748bf5e339d5bf7364) Importer(815301076,1909f56bfc062723c751e8b465ee728b)
Start importing Assets/com.gleechi.unity.virtualgrasp/Samples/Onboarding/Meshes/SM_PrimitiveShapes.fbx using Guid(b9df57573967a5748bf5e339d5bf7364) Importer(815301076,1909f56bfc062723c751e8b465ee728b) [PhysX] Initialized MultithreadedTaskDispatcher with 32 workers.
[PhysX] Initialized MultithreadedTaskDispatcher with 32 workers.
[PhysX] Initialized MultithreadedTaskDispatcher with 32 workers.
[PhysX] Initialized MultithreadedTaskDispatcher with 32 workers.
[PhysX] Initialized MultithreadedTaskDispatcher with 32 workers.
[PhysX] Initialized MultithreadedTaskDispatcher with 32 workers.
[PhysX] Initialized MultithreadedTaskDispatcher with 32 workers.
[PhysX] Initialized MultithreadedTaskDispatcher with 32 workers.
[PhysX] Initialized MultithreadedTaskDispatcher with 32 workers.
[PhysX] Initialized MultithreadedTaskDispatcher with 32 workers.
[PhysX] Initialized MultithreadedTaskDispatcher with 32 workers.
[PhysX] Initialized MultithreadedTaskDispatcher with 32 workers.
[PhysX] Initialized MultithreadedTaskDispatcher with 32 workers.
[PhysX] Initialized MultithreadedTaskDispatcher with 32 workers.
[PhysX] Initialized MultithreadedTaskDispatcher with 32 workers.
[PhysX] Initialized MultithreadedTaskDispatcher with 32 workers.
[PhysX] Initialized MultithreadedTaskDispatcher with 32 workers.
[PhysX] Initialized MultithreadedTaskDispatcher with 32 workers.
[PhysX] Initialized MultithreadedTaskDispatcher with 32 workers.
[PhysX] Initialized MultithreadedTaskDispatcher with 32 workers.
[PhysX] Initialized MultithreadedTaskDispatcher with 32 workers.
[PhysX] Initialized MultithreadedTaskDispatcher with 32 workers.
[PhysX] Initialized MultithreadedTaskDispatcher with 32 workers.
[PhysX] Initialized MultithreadedTaskDispatcher with 32 workers.
 -> (artifact id: '0e8c936877062387fd779efc0774236b') in 0.084802 seconds
Number of updated asset objects reloaded before import = 0
Number of asset objects unloaded after import = 62
========================================================================
Received Import Request.
  Time since last request: 0.000028 seconds.
  path: Assets/com.gleechi.unity.virtualgrasp/Samples/Onboarding/Meshes/SM_magnetBoard.fbx
  artifactKey: Guid(d9172c004185f0943b5c40bbed99e860) Importer(815301076,1909f56bfc062723c751e8b465ee728b)
Start importing Assets/com.gleechi.unity.virtualgrasp/Samples/Onboarding/Meshes/SM_magnetBoard.fbx using Guid(d9172c004185f0943b5c40bbed99e860) Importer(815301076,1909f56bfc062723c751e8b465ee728b) [PhysX] Initialized MultithreadedTaskDispatcher with 32 workers.
[PhysX] Initialized MultithreadedTaskDispatcher with 32 workers.
[PhysX] Initialized MultithreadedTaskDispatcher with 32 workers.
 -> (artifact id: 'e990d91df978f6325819bb912c7f28e6') in 0.025416 seconds
Number of updated asset objects reloaded before import = 0
Number of asset objects unloaded after import = 10
========================================================================
Received Import Request.
  Time since last request: 1.859963 seconds.
  path: Assets/com.gleechi.unity.virtualgrasp/Samples/Onboarding/PhysicsMaterials/Slippery.physicMaterial
  artifactKey: Guid(f740636478c945c46b2f4f0e44a5de24) Importer(815301076,1909f56bfc062723c751e8b465ee728b)
Start importing Assets/com.gleechi.unity.virtualgrasp/Samples/Onboarding/PhysicsMaterials/Slippery.physicMaterial using Guid(f740636478c945c46b2f4f0e44a5de24) Importer(815301076,1909f56bfc062723c751e8b465ee728b) [PhysX] Initialized MultithreadedTaskDispatcher with 32 workers.
 -> (artifact id: 'af0d87ad25e765e07e325e249ff8d823') in 0.000982 seconds
Number of updated asset objects reloaded before import = 0
Number of asset objects unloaded after import = 1
========================================================================
Received Import Request.
  Time since last request: 0.987083 seconds.
  path: Assets/com.gleechi.unity.virtualgrasp/Samples/Onboarding/Prefabs/apple_jumpgrasp.prefab
  artifactKey: Guid(8ed3954a02c4d824d92224e2d49dfd9a) Importer(815301076,1909f56bfc062723c751e8b465ee728b)
Start importing Assets/com.gleechi.unity.virtualgrasp/Samples/Onboarding/Prefabs/apple_jumpgrasp.prefab using Guid(8ed3954a02c4d824d92224e2d49dfd9a) Importer(815301076,1909f56bfc062723c751e8b465ee728b) [PhysX] Initialized MultithreadedTaskDispatcher with 32 workers.
 -> (artifact id: 'a2ededc02c2e6a686334b2e6fbfbf0f6') in 0.000477 seconds
Number of updated asset objects reloaded before import = 0
Number of asset objects unloaded after import = 0
========================================================================
Received Import Request.
  Time since last request: 0.000633 seconds.
  path: Assets/com.gleechi.unity.virtualgrasp/Samples/Onboarding/Prefabs/bottle_assemble_vgarticulation_physical.prefab
  artifactKey: Guid(7a2fd9a4f7a25c949b2d38154f0b288a) Importer(815301076,1909f56bfc062723c751e8b465ee728b)
Start importing Assets/com.gleechi.unity.virtualgrasp/Samples/Onboarding/Prefabs/bottle_assemble_vgarticulation_physical.prefab using Guid(7a2fd9a4f7a25c949b2d38154f0b288a) Importer(815301076,1909f56bfc062723c751e8b465ee728b) [PhysX] Initialized MultithreadedTaskDispatcher with 32 workers.
 -> (artifact id: 'da07e4f25d14da55dcbdf50d8042b342') in 0.000390 seconds
Number of updated asset objects reloaded before import = 0
Number of asset objects unloaded after import = 0
========================================================================
Received Import Request.
  Time since last request: 0.000521 seconds.
  path: Assets/com.gleechi.unity.virtualgrasp/Samples/Onboarding/Prefabs/chain_assemble_vgarticulation_physical.prefab
  artifactKey: Guid(174ba87942c517b4497b11b5f1e7f8c7) Importer(815301076,1909f56bfc062723c751e8b465ee728b)
Start importing Assets/com.gleechi.unity.virtualgrasp/Samples/Onboarding/Prefabs/chain_assemble_vgarticulation_physical.prefab using Guid(174ba87942c517b4497b11b5f1e7f8c7) Importer(815301076,1909f56bfc062723c751e8b465ee728b) [PhysX] Initialized MultithreadedTaskDispatcher with 32 workers.
 -> (artifact id: 'dd89aebf8e8827fd38af0f8b7d945157') in 0.000365 seconds
Number of updated asset objects reloaded before import = 0
Number of asset objects unloaded after import = 0
========================================================================
Received Import Request.
  Time since last request: 0.000508 seconds.
  path: Assets/com.gleechi.unity.virtualgrasp/Samples/Onboarding/Prefabs/chainloop_assemble.prefab
  artifactKey: Guid(ff5f927d74d1cb243a5e40114f628f2d) Importer(815301076,1909f56bfc062723c751e8b465ee728b)
Start importing Assets/com.gleechi.unity.virtualgrasp/Samples/Onboarding/Prefabs/chainloop_assemble.prefab using Guid(ff5f927d74d1cb243a5e40114f628f2d) Importer(815301076,1909f56bfc062723c751e8b465ee728b) [PhysX] Initialized MultithreadedTaskDispatcher with 32 workers.
 -> (artifact id: '228d472182d8edc96a4f641eb5e38919') in 0.000355 seconds
Number of updated asset objects reloaded before import = 0
Number of asset objects unloaded after import = 0
========================================================================
Received Import Request.
  Time since last request: 10.036741 seconds.
  path: Assets/com.gleechi.unity.virtualgrasp/Samples/Onboarding/SoundEffects/AU_VGSound_ScrewFallingOnPlate.wav
  artifactKey: Guid(b7a0a3672de124145aeaf01ce30cd09a) Importer(815301076,1909f56bfc062723c751e8b465ee728b)
Start importing Assets/com.gleechi.unity.virtualgrasp/Samples/Onboarding/SoundEffects/AU_VGSound_ScrewFallingOnPlate.wav using Guid(b7a0a3672de124145aeaf01ce30cd09a) Importer(815301076,1909f56bfc062723c751e8b465ee728b) [PhysX] Initialized MultithreadedTaskDispatcher with 32 workers.
[PhysX] Initialized MultithreadedTaskDispatcher with 32 workers.
 -> (artifact id: 'df4dcf1f5402df62ee32c5e8177d28a1') in 0.033855 seconds
Number of updated asset objects reloaded before import = 0
Number of asset objects unloaded after import = 2
========================================================================
Received Import Request.
  Time since last request: 0.000023 seconds.
  path: Assets/com.gleechi.unity.virtualgrasp/Samples/Onboarding/SoundEffects/AU_VGSound_Thud.wav
  artifactKey: Guid(a474f9d8a2d86304ab08b3575478b429) Importer(815301076,1909f56bfc062723c751e8b465ee728b)
Start importing Assets/com.gleechi.unity.virtualgrasp/Samples/Onboarding/SoundEffects/AU_VGSound_Thud.wav using Guid(a474f9d8a2d86304ab08b3575478b429) Importer(815301076,1909f56bfc062723c751e8b465ee728b) [PhysX] Initialized MultithreadedTaskDispatcher with 32 workers.
[PhysX] Initialized MultithreadedTaskDispatcher with 32 workers.
 -> (artifact id: '54540c0d3f8277de1a3d4ab8d194cb22') in 0.015509 seconds
Number of updated asset objects reloaded before import = 0
Number of asset objects unloaded after import = 2
========================================================================
Received Import Request.
  Time since last request: 1.484876 seconds.
  path: Assets/com.gleechi.unity.virtualgrasp/Samples/Onboarding/Textures/T_FactoryBakeA.png
  artifactKey: Guid(a08f5041585eb674781261ea4190b8e5) Importer(815301076,1909f56bfc062723c751e8b465ee728b)
Start importing Assets/com.gleechi.unity.virtualgrasp/Samples/Onboarding/Textures/T_FactoryBakeA.png using Guid(a08f5041585eb674781261ea4190b8e5) Importer(815301076,1909f56bfc062723c751e8b465ee728b) [PhysX] Initialized MultithreadedTaskDispatcher with 32 workers.
[PhysX] Initialized MultithreadedTaskDispatcher with 32 workers.
 -> (artifact id: '3a1cd8b290897a404c6e3c55b9f8ef73') in 0.028587 seconds
Number of updated asset objects reloaded before import = 0
Number of asset objects unloaded after import = 2
========================================================================
Received Import Request.
  Time since last request: 0.000117 seconds.
  path: Assets/com.gleechi.unity.virtualgrasp/Samples/Onboarding/Textures/T_reflectionMap.png
  artifactKey: Guid(d4cf51e14ee745c4fa60c6aea9314226) Importer(815301076,1909f56bfc062723c751e8b465ee728b)
Start importing Assets/com.gleechi.unity.virtualgrasp/Samples/Onboarding/Textures/T_reflectionMap.png using Guid(d4cf51e14ee745c4fa60c6aea9314226) Importer(815301076,1909f56bfc062723c751e8b465ee728b) [PhysX] Initialized MultithreadedTaskDispatcher with 32 workers.
[PhysX] Initialized MultithreadedTaskDispatcher with 32 workers.
[PhysX] Initialized MultithreadedTaskDispatcher with 32 workers.
 -> (artifact id: 'cbdaa8f92de4dc3e19cc0b2f84a8e5b8') in 0.023294 seconds
Number of updated asset objects reloaded before import = 0
Number of asset objects unloaded after import = 1
========================================================================
Received Import Request.
  Time since last request: 2.941646 seconds.
  path: Assets/com.gleechi.unity.virtualgrasp/Samples/Tests/Materials/M_Green.mat
  artifactKey: Guid(40570cfffcd7d6d4e97d72aba1ed8fd3) Importer(815301076,1909f56bfc062723c751e8b465ee728b)
Start importing Assets/com.gleechi.unity.virtualgrasp/Samples/Tests/Materials/M_Green.mat using Guid(40570cfffcd7d6d4e97d72aba1ed8fd3) Importer(815301076,1909f56bfc062723c751e8b465ee728b) [PhysX] Initialized MultithreadedTaskDispatcher with 32 workers.
[PhysX] Initialized MultithreadedTaskDispatcher with 32 workers.
 -> (artifact id: 'b0dcc6604a9e3a11c714d2222feecd0a') in 0.019165 seconds
Number of updated asset objects reloaded before import = 0
Number of asset objects unloaded after import = 1
========================================================================
Received Import Request.
  Time since last request: 0.735230 seconds.
  path: Assets/com.gleechi.unity.virtualgrasp/Samples/Tests/Meshes/SM_hammer.fbx
  artifactKey: Guid(7f35f731274f28f41a704dbfde49c6d0) Importer(815301076,1909f56bfc062723c751e8b465ee728b)
Start importing Assets/com.gleechi.unity.virtualgrasp/Samples/Tests/Meshes/SM_hammer.fbx using Guid(7f35f731274f28f41a704dbfde49c6d0) Importer(815301076,1909f56bfc062723c751e8b465ee728b) [PhysX] Initialized MultithreadedTaskDispatcher with 32 workers.
[PhysX] Initialized MultithreadedTaskDispatcher with 32 workers.
[PhysX] Initialized MultithreadedTaskDispatcher with 32 workers.
 -> (artifact id: '9ebaf37860751a509913856bd2e54dcc') in 0.022306 seconds
Number of updated asset objects reloaded before import = 0
Number of asset objects unloaded after import = 7
========================================================================
Received Import Request.
  Time since last request: 6.938100 seconds.
  path: Assets/com.gleechi.unity.virtualgrasp/Samples/Tutorials/1_ProjectSetup/2_AddAvatar.asset
  artifactKey: Guid(400f223f328b0e043b3fdacb863774af) Importer(815301076,1909f56bfc062723c751e8b465ee728b)
Start importing Assets/com.gleechi.unity.virtualgrasp/Samples/Tutorials/1_ProjectSetup/2_AddAvatar.asset using Guid(400f223f328b0e043b3fdacb863774af) Importer(815301076,1909f56bfc062723c751e8b465ee728b) [PhysX] Initialized MultithreadedTaskDispatcher with 32 workers.
 -> (artifact id: 'e1e0c04c7df54bd3af98d16112724041') in 0.001443 seconds
Number of updated asset objects reloaded before import = 0
Number of asset objects unloaded after import = 1
========================================================================
Received Import Request.
  Time since last request: 0.868516 seconds.
  path: Assets/com.gleechi.unity.virtualgrasp/Samples/Tutorials/2_ObjectBaking/2_AddObject.asset
  artifactKey: Guid(d99bd8e2650d8e7499d6f79736da8656) Importer(815301076,1909f56bfc062723c751e8b465ee728b)
Start importing Assets/com.gleechi.unity.virtualgrasp/Samples/Tutorials/2_ObjectBaking/2_AddObject.asset using Guid(d99bd8e2650d8e7499d6f79736da8656) Importer(815301076,1909f56bfc062723c751e8b465ee728b) [PhysX] Initialized MultithreadedTaskDispatcher with 32 workers.
 -> (artifact id: '18335482e0cc8a88b0dc5ed57d308766') in 0.001182 seconds
Number of updated asset objects reloaded before import = 0
Number of asset objects unloaded after import = 1
========================================================================
Received Import Request.
  Time since last request: 0.898987 seconds.
  path: Assets/com.gleechi.unity.virtualgrasp/Samples/Tutorials/3_FingerTracking/2_ReplaceControllerProfile.asset
  artifactKey: Guid(52bcec9d6dc50d844a301abcd566011f) Importer(815301076,1909f56bfc062723c751e8b465ee728b)
Start importing Assets/com.gleechi.unity.virtualgrasp/Samples/Tutorials/3_FingerTracking/2_ReplaceControllerProfile.asset using Guid(52bcec9d6dc50d844a301abcd566011f) Importer(815301076,1909f56bfc062723c751e8b465ee728b) [PhysX] Initialized MultithreadedTaskDispatcher with 32 workers.
 -> (artifact id: '6062a8fcfb682b71ab26de7e61d1274d') in 0.001328 seconds
Number of updated asset objects reloaded before import = 0
Number of asset objects unloaded after import = 1
========================================================================
Received Import Request.
  Time since last request: 2.238536 seconds.
  path: Assets/com.gleechi.unity.virtualgrasp/Samples/Tutorials/TutorialDependencies.asmdef
  artifactKey: Guid(7bcfaabbf9d613545a23a47f8886d724) Importer(815301076,1909f56bfc062723c751e8b465ee728b)
Start importing Assets/com.gleechi.unity.virtualgrasp/Samples/Tutorials/TutorialDependencies.asmdef using Guid(7bcfaabbf9d613545a23a47f8886d724) Importer(815301076,1909f56bfc062723c751e8b465ee728b) [PhysX] Initialized MultithreadedTaskDispatcher with 32 workers.
 -> (artifact id: '942fd5829578952ccbb778c0b2ae45e2') in 0.000527 seconds
Number of updated asset objects reloaded before import = 0
Number of asset objects unloaded after import = 0
========================================================================
Received Prepare
Begin MonoManager ReloadAssembly
- Loaded All Assemblies, in  0.427 seconds
Refreshing native plugins compatible for Editor in 4.31 ms, found 4 plugins.
Native extension for WindowsStandalone target not found
Native extension for Android target not found
Native extension for WebGL target not found
Mono: successfully reloaded assembly
- Finished resetting the current domain, in  0.920 seconds
Domain Reload Profiling: 1345ms
	BeginReloadAssembly (136ms)
		ExecutionOrderSort (0ms)
		DisableScriptedObjects (3ms)
		BackupInstance (0ms)
		ReleaseScriptingObjects (0ms)
		CreateAndSetChildDomain (28ms)
	RebuildCommonClasses (28ms)
	RebuildNativeTypeToScriptingClass (9ms)
	initialDomainReloadingComplete (28ms)
	LoadAllAssembliesAndSetupDomain (223ms)
		LoadAssemblies (276ms)
		RebuildTransferFunctionScriptingTraits (0ms)
		AnalyzeDomain (22ms)
			TypeCache.Refresh (8ms)
				TypeCache.ScanAssembly (0ms)
			ScanForSourceGeneratedMonoScriptInfo (6ms)
			ResolveRequiredComponents (5ms)
	FinalizeReload (921ms)
		ReleaseScriptCaches (0ms)
		RebuildScriptCaches (0ms)
		SetupLoadedEditorAssemblies (372ms)
			LogAssemblyErrors (0ms)
			InitializePlatformSupportModulesInManaged (26ms)
			SetLoadedEditorAssemblies (4ms)
			RefreshPlugins (0ms)
			BeforeProcessingInitializeOnLoad (59ms)
			ProcessInitializeOnLoadAttributes (256ms)
			ProcessInitializeOnLoadMethodAttributes (19ms)
			AfterProcessingInitializeOnLoad (8ms)
			EditorAssembliesLoaded (0ms)
		ExecutionOrderSort2 (0ms)
		AwakeInstancesAfterBackupRestoration (7ms)
Refreshing native plugins compatible for Editor in 7.69 ms, found 4 plugins.
Preloading 0 native plugins for Editor in 0.00 ms.
Unloading 3191 Unused Serialized files (Serialized files now loaded: 0)
Unloading 31 unused Assets / (374.8 KB). Loaded Objects now: 3740.
Memory consumption went from 207.2 MB to 206.8 MB.
Total: 4.763700 ms (FindLiveObjects: 0.262200 ms CreateObjectMapping: 0.097100 ms MarkObjects: 4.103500 ms  DeleteObjects: 0.299500 ms)

Prepare: number of updated asset objects reloaded= 0
AssetImportParameters requested are different than current active one (requested -> active):
  custom:container-demuxer-ogg: 62fdf1f143b41e24485cea50d1cbac27 -> 
  custom:video-codec-MediaFoundation-h265: 746d11721c4dcdbdad8f713fa42b33f4 -> 
  custom:video-decoder-ogg-theora: a1e56fd34408186e4bbccfd4996cb3dc -> 
  custom:framework-win-MediaFoundation: 216162199b28c13a410421893ffa2e32 -> 
  custom:CustomObjectIndexerAttribute: 9a22284fe3817be447336de3de66b15e -> 
  custom:container-demuxer-webm: 4f35f7cbe854078d1ac9338744f61a02 -> 
  custom:container-muxer-webm: aa71ff27fc2769a1b78a27578f13a17b -> 
  custom:video-decoder-webm-vp8: 9c59270c3fd7afecdb556c50c9e8de78 -> 
  custom:SearchIndexIgnoredProperties: e643bd26f0fe6173181afceb89e7c659 -> 
  custom:AudioImporter_EditorPlatform: d09bf68614088b80899f8185d706f6e7 -> 
  custom:video-encoder-webm-vp8: eb34c28f22e8b96e1ab97ce403110664 -> 
  custom:audio-decoder-ogg-vorbis: bf7c407c2cedff20999df2af8eb42d56 -> 
  custom:audio-encoder-webm-vorbis: bf7c407c2cedff20999df2af8eb42d56 -> 
========================================================================
Received Import Request.
  Time since last request: 29.677244 seconds.
  path: Assets/com.gleechi.unity.virtualgrasp/Samples/Tests/Resources/Testing/button_indexpush_with_physical_base.prefab
  artifactKey: Guid(45a36e14eb15d484d936dedd9910fdc8) Importer(815301076,1909f56bfc062723c751e8b465ee728b)
Start importing Assets/com.gleechi.unity.virtualgrasp/Samples/Tests/Resources/Testing/button_indexpush_with_physical_base.prefab using Guid(45a36e14eb15d484d936dedd9910fdc8) Importer(815301076,1909f56bfc062723c751e8b465ee728b) [PhysX] Initialized MultithreadedTaskDispatcher with 32 workers.
[PhysX] Initialized MultithreadedTaskDispatcher with 32 workers.
 -> (artifact id: '71f60921efa556dae33aea09de56022c') in 0.074163 seconds
Number of updated asset objects reloaded before import = 0
Number of asset objects unloaded after import = 52
========================================================================
Received Import Request.
  Time since last request: 0.000028 seconds.
  path: Assets/com.gleechi.unity.virtualgrasp/Samples/Tests/Resources/Testing/Move_empty_node_parent.prefab
  artifactKey: Guid(d57785029f3c8144c899375d516caad7) Importer(815301076,1909f56bfc062723c751e8b465ee728b)
Start importing Assets/com.gleechi.unity.virtualgrasp/Samples/Tests/Resources/Testing/Move_empty_node_parent.prefab using Guid(d57785029f3c8144c899375d516caad7) Importer(815301076,1909f56bfc062723c751e8b465ee728b) [PhysX] Initialized MultithreadedTaskDispatcher with 32 workers.
[PhysX] Initialized MultithreadedTaskDispatcher with 32 workers.
 -> (artifact id: '5ac8c60d47a7c4f786615fc7e7fc8362') in 0.030427 seconds
Number of updated asset objects reloaded before import = 0
Number of asset objects unloaded after import = 18
========================================================================
Received Import Request.
  Time since last request: 1.643253 seconds.
  path: Assets/com.gleechi.unity.virtualgrasp/Samples/Tests/Resources/Testing/Off_pivot_vg_multichain_3level.prefab
  artifactKey: Guid(9b23e3c35a8fb254f96d5bf3f4bc219b) Importer(815301076,1909f56bfc062723c751e8b465ee728b)
Start importing Assets/com.gleechi.unity.virtualgrasp/Samples/Tests/Resources/Testing/Off_pivot_vg_multichain_3level.prefab using Guid(9b23e3c35a8fb254f96d5bf3f4bc219b) Importer(815301076,1909f56bfc062723c751e8b465ee728b) [PhysX] Initialized MultithreadedTaskDispatcher with 32 workers.
[PhysX] Initialized MultithreadedTaskDispatcher with 32 workers.
 -> (artifact id: 'ff184f92e750242f52c796e123bdb8a1') in 0.016776 seconds
Number of updated asset objects reloaded before import = 0
Number of asset objects unloaded after import = 47
========================================================================
Received Import Request.
  Time since last request: 1.284533 seconds.
  path: Assets/com.gleechi.unity.virtualgrasp/Samples/Tests/Resources/Testing/RuntimeInputButtonTestSetObjectJointState.prefab
  artifactKey: Guid(f5690bf899db7394eb329f99bdb9b812) Importer(815301076,1909f56bfc062723c751e8b465ee728b)
Start importing Assets/com.gleechi.unity.virtualgrasp/Samples/Tests/Resources/Testing/RuntimeInputButtonTestSetObjectJointState.prefab using Guid(f5690bf899db7394eb329f99bdb9b812) Importer(815301076,1909f56bfc062723c751e8b465ee728b) [PhysX] Initialized MultithreadedTaskDispatcher with 32 workers.
 -> (artifact id: '2ee2442fcc047bcdde53c37af639196f') in 0.001248 seconds
Number of updated asset objects reloaded before import = 0
Number of asset objects unloaded after import = 1
========================================================================
Received Import Request.
  Time since last request: 10.565741 seconds.
  path: Assets/com.gleechi.unity.virtualgrasp/Samples/Tests/Resources/Testing/Recordings/test-vg-revolute-prismatic-double-bounce.sdb
  artifactKey: Guid(0c3f102e32510fc48a8f319133711092) Importer(815301076,1909f56bfc062723c751e8b465ee728b)
Start importing Assets/com.gleechi.unity.virtualgrasp/Samples/Tests/Resources/Testing/Recordings/test-vg-revolute-prismatic-double-bounce.sdb using Guid(0c3f102e32510fc48a8f319133711092) Importer(815301076,1909f56bfc062723c751e8b465ee728b) [PhysX] Initialized MultithreadedTaskDispatcher with 32 workers.
 -> (artifact id: '8ad74dcd8157209c61d9c03bd75c8474') in 0.001317 seconds
Number of updated asset objects reloaded before import = 0
Number of asset objects unloaded after import = 1
========================================================================
Received Import Request.
  Time since last request: 0.000584 seconds.
  path: Assets/com.gleechi.unity.virtualgrasp/Samples/Tests/Resources/Testing/Recordings/test-vg-sticky-hand.sdb
  artifactKey: Guid(4b4f5a22d6d960546ae78cbc4b2765af) Importer(815301076,1909f56bfc062723c751e8b465ee728b)
Start importing Assets/com.gleechi.unity.virtualgrasp/Samples/Tests/Resources/Testing/Recordings/test-vg-sticky-hand.sdb using Guid(4b4f5a22d6d960546ae78cbc4b2765af) Importer(815301076,1909f56bfc062723c751e8b465ee728b) [PhysX] Initialized MultithreadedTaskDispatcher with 32 workers.
 -> (artifact id: '122084799a51febe48b423176828b15f') in 0.000950 seconds
Number of updated asset objects reloaded before import = 0
Number of asset objects unloaded after import = 1
========================================================================
Received Prepare
Begin MonoManager ReloadAssembly
- Loaded All Assemblies, in  0.421 seconds
Refreshing native plugins compatible for Editor in 4.43 ms, found 4 plugins.
Native extension for WindowsStandalone target not found
Native extension for Android target not found
Native extension for WebGL target not found
Mono: successfully reloaded assembly
- Finished resetting the current domain, in  0.909 seconds
Domain Reload Profiling: 1327ms
	BeginReloadAssembly (133ms)
		ExecutionOrderSort (0ms)
		DisableScriptedObjects (4ms)
		BackupInstance (0ms)
		ReleaseScriptingObjects (0ms)
		CreateAndSetChildDomain (28ms)
	RebuildCommonClasses (30ms)
	RebuildNativeTypeToScriptingClass (9ms)
	initialDomainReloadingComplete (29ms)
	LoadAllAssembliesAndSetupDomain (218ms)
		LoadAssemblies (267ms)
		RebuildTransferFunctionScriptingTraits (0ms)
		AnalyzeDomain (25ms)
			TypeCache.Refresh (9ms)
				TypeCache.ScanAssembly (0ms)
			ScanForSourceGeneratedMonoScriptInfo (8ms)
			ResolveRequiredComponents (6ms)
	FinalizeReload (909ms)
		ReleaseScriptCaches (0ms)
		RebuildScriptCaches (0ms)
		SetupLoadedEditorAssemblies (365ms)
			LogAssemblyErrors (0ms)
			InitializePlatformSupportModulesInManaged (25ms)
			SetLoadedEditorAssemblies (4ms)
			RefreshPlugins (0ms)
			BeforeProcessingInitializeOnLoad (58ms)
			ProcessInitializeOnLoadAttributes (250ms)
			ProcessInitializeOnLoadMethodAttributes (20ms)
			AfterProcessingInitializeOnLoad (8ms)
			EditorAssembliesLoaded (0ms)
		ExecutionOrderSort2 (0ms)
		AwakeInstancesAfterBackupRestoration (6ms)
Refreshing native plugins compatible for Editor in 7.55 ms, found 4 plugins.
Preloading 0 native plugins for Editor in 0.00 ms.
Unloading 3179 Unused Serialized files (Serialized files now loaded: 0)
Unloading 36 unused Assets / (409.8 KB). Loaded Objects now: 3739.
Memory consumption went from 205.7 MB to 205.3 MB.
Total: 4.756100 ms (FindLiveObjects: 0.303300 ms CreateObjectMapping: 0.138200 ms MarkObjects: 3.980600 ms  DeleteObjects: 0.332200 ms)

Prepare: number of updated asset objects reloaded= 0
AssetImportParameters requested are different than current active one (requested -> active):
  custom:container-demuxer-ogg: 62fdf1f143b41e24485cea50d1cbac27 -> 
  custom:video-codec-MediaFoundation-h265: 746d11721c4dcdbdad8f713fa42b33f4 -> 
  custom:video-decoder-ogg-theora: a1e56fd34408186e4bbccfd4996cb3dc -> 
  custom:framework-win-MediaFoundation: 216162199b28c13a410421893ffa2e32 -> 
  custom:CustomObjectIndexerAttribute: 9a22284fe3817be447336de3de66b15e -> 
  custom:container-demuxer-webm: 4f35f7cbe854078d1ac9338744f61a02 -> 
  custom:container-muxer-webm: aa71ff27fc2769a1b78a27578f13a17b -> 
  custom:video-decoder-webm-vp8: 9c59270c3fd7afecdb556c50c9e8de78 -> 
  custom:SearchIndexIgnoredProperties: e643bd26f0fe6173181afceb89e7c659 -> 
  custom:AudioImporter_EditorPlatform: d09bf68614088b80899f8185d706f6e7 -> 
  custom:video-encoder-webm-vp8: eb34c28f22e8b96e1ab97ce403110664 -> 
  custom:audio-decoder-ogg-vorbis: bf7c407c2cedff20999df2af8eb42d56 -> 
  custom:audio-encoder-webm-vorbis: bf7c407c2cedff20999df2af8eb42d56 -> 
========================================================================
Received Prepare
Begin MonoManager ReloadAssembly
- Loaded All Assemblies, in  0.425 seconds
Refreshing native plugins compatible for Editor in 3.70 ms, found 4 plugins.
Native extension for WindowsStandalone target not found
Native extension for Android target not found
Native extension for WebGL target not found
Mono: successfully reloaded assembly
- Finished resetting the current domain, in  1.022 seconds
Domain Reload Profiling: 1445ms
	BeginReloadAssembly (137ms)
		ExecutionOrderSort (0ms)
		DisableScriptedObjects (4ms)
		BackupInstance (0ms)
		ReleaseScriptingObjects (0ms)
		CreateAndSetChildDomain (26ms)
	RebuildCommonClasses (28ms)
	RebuildNativeTypeToScriptingClass (9ms)
	initialDomainReloadingComplete (28ms)
	LoadAllAssembliesAndSetupDomain (219ms)
		LoadAssemblies (275ms)
		RebuildTransferFunctionScriptingTraits (0ms)
		AnalyzeDomain (23ms)
			TypeCache.Refresh (9ms)
				TypeCache.ScanAssembly (0ms)
			ScanForSourceGeneratedMonoScriptInfo (8ms)
			ResolveRequiredComponents (5ms)
	FinalizeReload (1023ms)
		ReleaseScriptCaches (0ms)
		RebuildScriptCaches (0ms)
		SetupLoadedEditorAssemblies (448ms)
			LogAssemblyErrors (0ms)
			InitializePlatformSupportModulesInManaged (28ms)
			SetLoadedEditorAssemblies (5ms)
			RefreshPlugins (0ms)
			BeforeProcessingInitializeOnLoad (73ms)
			ProcessInitializeOnLoadAttributes (306ms)
			ProcessInitializeOnLoadMethodAttributes (25ms)
			AfterProcessingInitializeOnLoad (11ms)
			EditorAssembliesLoaded (0ms)
		ExecutionOrderSort2 (0ms)
		AwakeInstancesAfterBackupRestoration (10ms)
Refreshing native plugins compatible for Editor in 9.15 ms, found 4 plugins.
Preloading 0 native plugins for Editor in 0.00 ms.
Unloading 3171 Unused Serialized files (Serialized files now loaded: 0)
Unloading 38 unused Assets / (378.4 KB). Loaded Objects now: 3734.
Memory consumption went from 205.5 MB to 205.2 MB.
Total: 5.627900 ms (FindLiveObjects: 0.318600 ms CreateObjectMapping: 0.129900 ms MarkObjects: 4.759600 ms  DeleteObjects: 0.417800 ms)

Prepare: number of updated asset objects reloaded= 0
AssetImportParameters requested are different than current active one (requested -> active):
  custom:container-demuxer-ogg: 62fdf1f143b41e24485cea50d1cbac27 -> 
  custom:video-codec-MediaFoundation-h265: 746d11721c4dcdbdad8f713fa42b33f4 -> 
  custom:video-decoder-ogg-theora: a1e56fd34408186e4bbccfd4996cb3dc -> 
  custom:framework-win-MediaFoundation: 216162199b28c13a410421893ffa2e32 -> 
  custom:CustomObjectIndexerAttribute: 9a22284fe3817be447336de3de66b15e -> 
  custom:container-demuxer-webm: 4f35f7cbe854078d1ac9338744f61a02 -> 
  custom:container-muxer-webm: aa71ff27fc2769a1b78a27578f13a17b -> 
  custom:video-decoder-webm-vp8: 9c59270c3fd7afecdb556c50c9e8de78 -> 
  custom:SearchIndexIgnoredProperties: e643bd26f0fe6173181afceb89e7c659 -> 
  custom:AudioImporter_EditorPlatform: d09bf68614088b80899f8185d706f6e7 -> 
  custom:video-encoder-webm-vp8: eb34c28f22e8b96e1ab97ce403110664 -> 
  custom:audio-decoder-ogg-vorbis: bf7c407c2cedff20999df2af8eb42d56 -> 
  custom:audio-encoder-webm-vorbis: bf7c407c2cedff20999df2af8eb42d56 -> 
========================================================================
Received Import Request.
  Time since last request: 47.406045 seconds.
  path: Assets/com.gleechi.unity.virtualgrasp/Samples/Onboarding/Scenes/VG_Onboarding/ReflectionProbe-0.exr
  artifactKey: Guid(c0b0b1f1aedd67146b49597adac5cb37) Importer(815301076,1909f56bfc062723c751e8b465ee728b)
Start importing Assets/com.gleechi.unity.virtualgrasp/Samples/Onboarding/Scenes/VG_Onboarding/ReflectionProbe-0.exr using Guid(c0b0b1f1aedd67146b49597adac5cb37) Importer(815301076,1909f56bfc062723c751e8b465ee728b) [PhysX] Initialized MultithreadedTaskDispatcher with 32 workers.
[PhysX] Initialized MultithreadedTaskDispatcher with 32 workers.
[PhysX] Initialized MultithreadedTaskDispatcher with 32 workers.
 -> (artifact id: '744c7a4424d48f10bc437fe67151cad7') in 0.150773 seconds
Number of updated asset objects reloaded before import = 0
Number of asset objects unloaded after import = 1
========================================================================
Received Import Request.
  Time since last request: 7.822284 seconds.
  path: Assets/com.gleechi.unity.virtualgrasp/Samples/Onboarding/Prefabs/assemble_object.prefab
  artifactKey: Guid(0b26eda409cfd9d45a66a758195905c3) Importer(815301076,1909f56bfc062723c751e8b465ee728b)
Start importing Assets/com.gleechi.unity.virtualgrasp/Samples/Onboarding/Prefabs/assemble_object.prefab using Guid(0b26eda409cfd9d45a66a758195905c3) Importer(815301076,1909f56bfc062723c751e8b465ee728b) [PhysX] Initialized MultithreadedTaskDispatcher with 32 workers.
[PhysX] Initialized MultithreadedTaskDispatcher with 32 workers.
 -> (artifact id: '14e181811994a45426750d61b82b5eb8') in 0.032513 seconds
Number of updated asset objects reloaded before import = 0
Number of asset objects unloaded after import = 11
========================================================================
Received Import Request.
  Time since last request: 8.576657 seconds.
  path: Assets/com.gleechi.unity.virtualgrasp/Samples/Onboarding/Prefabs/showerHead.prefab
  artifactKey: Guid(bb7e71f77b326dc4c9912915da437da5) Importer(815301076,1909f56bfc062723c751e8b465ee728b)
Start importing Assets/com.gleechi.unity.virtualgrasp/Samples/Onboarding/Prefabs/showerHead.prefab using Guid(bb7e71f77b326dc4c9912915da437da5) Importer(815301076,1909f56bfc062723c751e8b465ee728b) [PhysX] Initialized MultithreadedTaskDispatcher with 32 workers.
[PhysX] Initialized MultithreadedTaskDispatcher with 32 workers.
 -> (artifact id: 'a9a1e916b072d6b00968b3defc686c5b') in 0.020821 seconds
Number of updated asset objects reloaded before import = 0
Number of asset objects unloaded after import = 16
========================================================================
Received Import Request.
  Time since last request: 0.000023 seconds.
  path: Assets/com.gleechi.unity.virtualgrasp/Samples/Onboarding/Prefabs/showerHead_jumpgrasp.prefab
  artifactKey: Guid(00506af752ffa41498b1b63b83b42ac3) Importer(815301076,1909f56bfc062723c751e8b465ee728b)
Start importing Assets/com.gleechi.unity.virtualgrasp/Samples/Onboarding/Prefabs/showerHead_jumpgrasp.prefab using Guid(00506af752ffa41498b1b63b83b42ac3) Importer(815301076,1909f56bfc062723c751e8b465ee728b) [PhysX] Initialized MultithreadedTaskDispatcher with 32 workers.
[PhysX] Initialized MultithreadedTaskDispatcher with 32 workers.
 -> (artifact id: 'd6c31e838cbcaa8f0fe099400367c0ec') in 0.018520 seconds
Number of updated asset objects reloaded before import = 0
Number of asset objects unloaded after import = 31
========================================================================
Received Import Request.
  Time since last request: 0.000026 seconds.
  path: Assets/com.gleechi.unity.virtualgrasp/Samples/Onboarding/Prefabs/symmetric_assemble.prefab
  artifactKey: Guid(3b858750719d56d4982c09fe30ca54d8) Importer(815301076,1909f56bfc062723c751e8b465ee728b)
Start importing Assets/com.gleechi.unity.virtualgrasp/Samples/Onboarding/Prefabs/symmetric_assemble.prefab using Guid(3b858750719d56d4982c09fe30ca54d8) Importer(815301076,1909f56bfc062723c751e8b465ee728b) [PhysX] Initialized MultithreadedTaskDispatcher with 32 workers.
[PhysX] Initialized MultithreadedTaskDispatcher with 32 workers.
 -> (artifact id: '10c9787143da1c4fa4c7c8fdb4e64238') in 0.019407 seconds
Number of updated asset objects reloaded before import = 0
Number of asset objects unloaded after import = 30
========================================================================
Received Import Request.
  Time since last request: 0.154778 seconds.
  path: Assets/com.gleechi.unity.virtualgrasp/Samples/Onboarding/Prefabs/wineglass_jumpgrasp.prefab
  artifactKey: Guid(26552299dadb5b44b825a479494a9fe6) Importer(815301076,1909f56bfc062723c751e8b465ee728b)
Start importing Assets/com.gleechi.unity.virtualgrasp/Samples/Onboarding/Prefabs/wineglass_jumpgrasp.prefab using Guid(26552299dadb5b44b825a479494a9fe6) Importer(815301076,1909f56bfc062723c751e8b465ee728b) [PhysX] Initialized MultithreadedTaskDispatcher with 32 workers.
[PhysX] Initialized MultithreadedTaskDispatcher with 32 workers.
 -> (artifact id: 'cf894c895ab49cb5aaa25f73e305220b') in 0.018241 seconds
Number of updated asset objects reloaded before import = 0
Number of asset objects unloaded after import = 36
========================================================================
Received Prepare
Begin MonoManager ReloadAssembly
- Loaded All Assemblies, in  0.397 seconds
Refreshing native plugins compatible for Editor in 3.24 ms, found 4 plugins.
Native extension for WindowsStandalone target not found
Native extension for Android target not found
Native extension for WebGL target not found
Mono: successfully reloaded assembly
- Finished resetting the current domain, in  0.879 seconds
Domain Reload Profiling: 1274ms
	BeginReloadAssembly (124ms)
		ExecutionOrderSort (0ms)
		DisableScriptedObjects (3ms)
		BackupInstance (0ms)
		ReleaseScriptingObjects (0ms)
		CreateAndSetChildDomain (28ms)
	RebuildCommonClasses (27ms)
	RebuildNativeTypeToScriptingClass (9ms)
	initialDomainReloadingComplete (25ms)
	LoadAllAssembliesAndSetupDomain (209ms)
		LoadAssemblies (256ms)
		RebuildTransferFunctionScriptingTraits (0ms)
		AnalyzeDomain (21ms)
			TypeCache.Refresh (8ms)
				TypeCache.ScanAssembly (0ms)
			ScanForSourceGeneratedMonoScriptInfo (6ms)
			ResolveRequiredComponents (4ms)
	FinalizeReload (879ms)
		ReleaseScriptCaches (0ms)
		RebuildScriptCaches (0ms)
		SetupLoadedEditorAssemblies (331ms)
			LogAssemblyErrors (0ms)
			InitializePlatformSupportModulesInManaged (23ms)
			SetLoadedEditorAssemblies (4ms)
			RefreshPlugins (0ms)
			BeforeProcessingInitializeOnLoad (54ms)
			ProcessInitializeOnLoadAttributes (226ms)
			ProcessInitializeOnLoadMethodAttributes (18ms)
			AfterProcessingInitializeOnLoad (6ms)
			EditorAssembliesLoaded (0ms)
		ExecutionOrderSort2 (0ms)
		AwakeInstancesAfterBackupRestoration (6ms)
Refreshing native plugins compatible for Editor in 6.51 ms, found 4 plugins.
Preloading 0 native plugins for Editor in 0.00 ms.
Unloading 3169 Unused Serialized files (Serialized files now loaded: 0)
Unloading 30 unused Assets / (349.6 KB). Loaded Objects now: 3737.
Memory consumption went from 205.5 MB to 205.2 MB.
Total: 5.162500 ms (FindLiveObjects: 0.265400 ms CreateObjectMapping: 0.110000 ms MarkObjects: 4.451500 ms  DeleteObjects: 0.333800 ms)

Prepare: number of updated asset objects reloaded= 0
AssetImportParameters requested are different than current active one (requested -> active):
  custom:container-demuxer-ogg: 62fdf1f143b41e24485cea50d1cbac27 -> 
  custom:video-codec-MediaFoundation-h265: 746d11721c4dcdbdad8f713fa42b33f4 -> 
  custom:video-decoder-ogg-theora: a1e56fd34408186e4bbccfd4996cb3dc -> 
  custom:framework-win-MediaFoundation: 216162199b28c13a410421893ffa2e32 -> 
  custom:CustomObjectIndexerAttribute: 9a22284fe3817be447336de3de66b15e -> 
  custom:container-demuxer-webm: 4f35f7cbe854078d1ac9338744f61a02 -> 
  custom:container-muxer-webm: aa71ff27fc2769a1b78a27578f13a17b -> 
  custom:video-decoder-webm-vp8: 9c59270c3fd7afecdb556c50c9e8de78 -> 
  custom:SearchIndexIgnoredProperties: e643bd26f0fe6173181afceb89e7c659 -> 
  custom:AudioImporter_EditorPlatform: d09bf68614088b80899f8185d706f6e7 -> 
  custom:video-encoder-webm-vp8: eb34c28f22e8b96e1ab97ce403110664 -> 
  custom:audio-decoder-ogg-vorbis: bf7c407c2cedff20999df2af8eb42d56 -> 
  custom:audio-encoder-webm-vorbis: bf7c407c2cedff20999df2af8eb42d56 -> 
Editor requested this worker to shutdown with reason: Scaling down because of idle timeout
TcpMessagingSession - receive error
AssetImportWorkerClient::OnTransportError - code=2 error=End of file
AssetImportWorker is now disconnected from the server
Process exiting
Exiting without the bug reporter. Application will terminate with return code 0